This file contains any messages produced by compilers while
running configure, to aid debugging if configure makes a mistake.

It was created by gnote configure 0.7.4, which was
generated by GNU Autoconf 2.68.  Invocation command line was

  $ ./configure --prefix=/usr --enable-maintainer-mode

## --------- ##
## Platform. ##
## --------- ##

hostname = matsusoft.com.ar
uname -m = x86_64
uname -r = 2.6.39-ARCH
uname -s = Linux
uname -v = #1 SMP PREEMPT Mon Jun 6 22:37:55 CEST 2011

/usr/bin/uname -p = unknown
/bin/uname -X     = unknown

/bin/arch              = x86_64
/usr/bin/arch -k       = unknown
/usr/convex/getsysinfo = unknown
/usr/bin/hostinfo      = unknown
/bin/machine           = unknown
/usr/bin/oslevel       = unknown
/bin/universe          = unknown

PATH: /usr/local/bin
PATH: /usr/bin
PATH: /bin
PATH: /usr/local/sbin
PATH: /usr/sbin
PATH: /sbin
PATH: /opt/java/jre/bin
PATH: /usr/bin/vendor_perl
PATH: /usr/bin/core_perl


## ----------- ##
## Core tests. ##
## ----------- ##

configure:2704: checking for a BSD-compatible install
configure:2772: result: /bin/install -c
configure:2783: checking whether build environment is sane
configure:2833: result: yes
configure:2974: checking for a thread-safe mkdir -p
configure:3013: result: /bin/mkdir -p
configure:3026: checking for gawk
configure:3042: found /usr/bin/gawk
configure:3053: result: gawk
configure:3064: checking whether make sets $(MAKE)
configure:3086: result: yes
configure:3167: checking whether to enable maintainer-specific portions of Makefiles
configure:3176: result: yes
configure:3200: checking whether ln -s works
configure:3204: result: yes
configure:3265: checking for pkg-config
configure:3283: found /usr/bin/pkg-config
configure:3295: result: /usr/bin/pkg-config
configure:3320: checking pkg-config is at least version 0.9.0
configure:3323: result: yes
configure:3334: checking mate-doc-utils >= 0.3.2
configure:3337: $PKG_CONFIG --exists --print-errors "mate-doc-utils >= $gdu_cv_version_required"
configure:3340: $? = 0
configure:3348: result: yes
configure:3503: checking for g++
configure:3519: found /usr/bin/g++
configure:3530: result: g++
configure:3557: checking for C++ compiler version
configure:3566: g++ --version >&5
g++ (GCC) 4.6.0 20110603 (prerelease)
Copyright (C) 2011 Free Software Foundation, Inc.
This is free software; see the source for copying conditions.  There is NO
warranty; not even for MERCHANTABILITY or FITNESS FOR A PARTICULAR PURPOSE.

configure:3577: $? = 0
configure:3566: g++ -v >&5
Using built-in specs.
COLLECT_GCC=g++
COLLECT_LTO_WRAPPER=/usr/lib/gcc/x86_64-unknown-linux-gnu/4.6.0/lto-wrapper
Target: x86_64-unknown-linux-gnu
Configured with: /build/src/gcc-4.6-20110603/configure --prefix=/usr --libdir=/usr/lib --libexecdir=/usr/lib --mandir=/usr/share/man --infodir=/usr/share/info --with-bugurl=https://bugs.archlinux.org/ --enable-languages=c,c++,ada,fortran,go,lto,objc,obj-c++ --enable-shared --enable-threads=posix --with-system-zlib --enable-__cxa_atexit --disable-libunwind-exceptions --enable-clocale=gnu --enable-gnu-unique-object --enable-linker-build-id --with-ppl --enable-cloog-backend=isl --enable-lto --enable-gold --enable-ld=default --enable-plugin --with-plugin-ld=ld.gold --disable-multilib --disable-libstdcxx-pch --enable-checking=release
Thread model: posix
gcc version 4.6.0 20110603 (prerelease) (GCC) 
configure:3577: $? = 0
configure:3566: g++ -V >&5
g++: error: unrecognized option '-V'
g++: fatal error: no input files
compilation terminated.
configure:3577: $? = 1
configure:3566: g++ -qversion >&5
g++: error: unrecognized option '-qversion'
g++: fatal error: no input files
compilation terminated.
configure:3577: $? = 1
configure:3597: checking whether the C++ compiler works
configure:3619: g++    conftest.cpp  >&5
configure:3623: $? = 0
configure:3671: result: yes
configure:3674: checking for C++ compiler default output file name
configure:3676: result: a.out
configure:3682: checking for suffix of executables
configure:3689: g++ -o conftest    conftest.cpp  >&5
configure:3693: $? = 0
configure:3715: result: 
configure:3737: checking whether we are cross compiling
configure:3745: g++ -o conftest    conftest.cpp  >&5
configure:3749: $? = 0
configure:3756: ./conftest
configure:3760: $? = 0
configure:3775: result: no
configure:3780: checking for suffix of object files
configure:3802: g++ -c   conftest.cpp >&5
configure:3806: $? = 0
configure:3827: result: o
configure:3831: checking whether we are using the GNU C++ compiler
configure:3850: g++ -c   conftest.cpp >&5
configure:3850: $? = 0
configure:3859: result: yes
configure:3868: checking whether g++ accepts -g
configure:3888: g++ -c -g  conftest.cpp >&5
configure:3888: $? = 0
configure:3929: result: yes
configure:3963: checking for style of include used by make
configure:3991: result: GNU
configure:4016: checking dependency style of g++
configure:4126: result: gcc3
configure:4189: checking for gcc
configure:4205: found /usr/bin/gcc
configure:4216: result: gcc
configure:4445: checking for C compiler version
configure:4454: gcc --version >&5
gcc (GCC) 4.6.0 20110603 (prerelease)
Copyright (C) 2011 Free Software Foundation, Inc.
This is free software; see the source for copying conditions.  There is NO
warranty; not even for MERCHANTABILITY or FITNESS FOR A PARTICULAR PURPOSE.

configure:4465: $? = 0
configure:4454: gcc -v >&5
Using built-in specs.
COLLECT_GCC=gcc
COLLECT_LTO_WRAPPER=/usr/lib/gcc/x86_64-unknown-linux-gnu/4.6.0/lto-wrapper
Target: x86_64-unknown-linux-gnu
Configured with: /build/src/gcc-4.6-20110603/configure --prefix=/usr --libdir=/usr/lib --libexecdir=/usr/lib --mandir=/usr/share/man --infodir=/usr/share/info --with-bugurl=https://bugs.archlinux.org/ --enable-languages=c,c++,ada,fortran,go,lto,objc,obj-c++ --enable-shared --enable-threads=posix --with-system-zlib --enable-__cxa_atexit --disable-libunwind-exceptions --enable-clocale=gnu --enable-gnu-unique-object --enable-linker-build-id --with-ppl --enable-cloog-backend=isl --enable-lto --enable-gold --enable-ld=default --enable-plugin --with-plugin-ld=ld.gold --disable-multilib --disable-libstdcxx-pch --enable-checking=release
Thread model: posix
gcc version 4.6.0 20110603 (prerelease) (GCC) 
configure:4465: $? = 0
configure:4454: gcc -V >&5
gcc: error: unrecognized option '-V'
gcc: fatal error: no input files
compilation terminated.
configure:4465: $? = 1
configure:4454: gcc -qversion >&5
gcc: error: unrecognized option '-qversion'
gcc: fatal error: no input files
compilation terminated.
configure:4465: $? = 1
configure:4469: checking whether we are using the GNU C compiler
configure:4488: gcc -c -s -Os -mtune=native -march=native  conftest.c >&5
configure:4488: $? = 0
configure:4497: result: yes
configure:4506: checking whether gcc accepts -g
configure:4526: gcc -c -g  conftest.c >&5
configure:4526: $? = 0
configure:4567: result: yes
configure:4584: checking for gcc option to accept ISO C89
configure:4648: gcc  -c -s -Os -mtune=native -march=native  conftest.c >&5
configure:4648: $? = 0
configure:4661: result: none needed
configure:4683: checking dependency style of gcc
configure:4793: result: gcc3
configure:4814: checking how to run the C preprocessor
configure:4845: gcc -E  conftest.c
configure:4845: $? = 0
configure:4859: gcc -E  conftest.c
conftest.c:11:28: fatal error: ac_nonexistent.h: No such file or directory
compilation terminated.
configure:4859: $? = 1
configure: failed program was:
| /* confdefs.h */
| #define PACKAGE_NAME "gnote"
| #define PACKAGE_TARNAME "gnote"
| #define PACKAGE_VERSION "0.7.4"
| #define PACKAGE_STRING "gnote 0.7.4"
| #define PACKAGE_BUGREPORT ""
| #define PACKAGE_URL ""
| #define PACKAGE "gnote"
| #define VERSION "0.7.4"
| /* end confdefs.h.  */
| #include <ac_nonexistent.h>
configure:4884: result: gcc -E
configure:4904: gcc -E  conftest.c
configure:4904: $? = 0
configure:4918: gcc -E  conftest.c
conftest.c:11:28: fatal error: ac_nonexistent.h: No such file or directory
compilation terminated.
configure:4918: $? = 1
configure: failed program was:
| /* confdefs.h */
| #define PACKAGE_NAME "gnote"
| #define PACKAGE_TARNAME "gnote"
| #define PACKAGE_VERSION "0.7.4"
| #define PACKAGE_STRING "gnote 0.7.4"
| #define PACKAGE_BUGREPORT ""
| #define PACKAGE_URL ""
| #define PACKAGE "gnote"
| #define VERSION "0.7.4"
| /* end confdefs.h.  */
| #include <ac_nonexistent.h>
configure:4947: checking for grep that handles long lines and -e
configure:5005: result: /bin/grep
configure:5010: checking for egrep
configure:5072: result: /bin/grep -E
configure:5077: checking for ANSI C header files
configure:5097: gcc -c -s -Os -mtune=native -march=native  conftest.c >&5
configure:5097: $? = 0
configure:5170: gcc -o conftest -s -Os -mtune=native -march=native   conftest.c  >&5
configure:5170: $? = 0
configure:5170: ./conftest
configure:5170: $? = 0
configure:5181: result: yes
configure:5194: checking for sys/types.h
configure:5194: gcc -c -s -Os -mtune=native -march=native  conftest.c >&5
configure:5194: $? = 0
configure:5194: result: yes
configure:5194: checking for sys/stat.h
configure:5194: gcc -c -s -Os -mtune=native -march=native  conftest.c >&5
configure:5194: $? = 0
configure:5194: result: yes
configure:5194: checking for stdlib.h
configure:5194: gcc -c -s -Os -mtune=native -march=native  conftest.c >&5
configure:5194: $? = 0
configure:5194: result: yes
configure:5194: checking for string.h
configure:5194: gcc -c -s -Os -mtune=native -march=native  conftest.c >&5
configure:5194: $? = 0
configure:5194: result: yes
configure:5194: checking for memory.h
configure:5194: gcc -c -s -Os -mtune=native -march=native  conftest.c >&5
configure:5194: $? = 0
configure:5194: result: yes
configure:5194: checking for strings.h
configure:5194: gcc -c -s -Os -mtune=native -march=native  conftest.c >&5
configure:5194: $? = 0
configure:5194: result: yes
configure:5194: checking for inttypes.h
configure:5194: gcc -c -s -Os -mtune=native -march=native  conftest.c >&5
configure:5194: $? = 0
configure:5194: result: yes
configure:5194: checking for stdint.h
configure:5194: gcc -c -s -Os -mtune=native -march=native  conftest.c >&5
configure:5194: $? = 0
configure:5194: result: yes
configure:5194: checking for unistd.h
configure:5194: gcc -c -s -Os -mtune=native -march=native  conftest.c >&5
configure:5194: $? = 0
configure:5194: result: yes
configure:5207: checking minix/config.h usability
configure:5207: gcc -c -s -Os -mtune=native -march=native  conftest.c >&5
conftest.c:54:26: fatal error: minix/config.h: No such file or directory
compilation terminated.
configure:5207: $? = 1
configure: failed program was:
| /* confdefs.h */
| #define PACKAGE_NAME "gnote"
| #define PACKAGE_TARNAME "gnote"
| #define PACKAGE_VERSION "0.7.4"
| #define PACKAGE_STRING "gnote 0.7.4"
| #define PACKAGE_BUGREPORT ""
| #define PACKAGE_URL ""
| #define PACKAGE "gnote"
| #define VERSION "0.7.4"
| #define STDC_HEADERS 1
| #define HAVE_SYS_TYPES_H 1
| #define HAVE_SYS_STAT_H 1
| #define HAVE_STDLIB_H 1
| #define HAVE_STRING_H 1
| #define HAVE_MEMORY_H 1
| #define HAVE_STRINGS_H 1
| #define HAVE_INTTYPES_H 1
| #define HAVE_STDINT_H 1
| #define HAVE_UNISTD_H 1
| /* end confdefs.h.  */
| #include <stdio.h>
| #ifdef HAVE_SYS_TYPES_H
| # include <sys/types.h>
| #endif
| #ifdef HAVE_SYS_STAT_H
| # include <sys/stat.h>
| #endif
| #ifdef STDC_HEADERS
| # include <stdlib.h>
| # include <stddef.h>
| #else
| # ifdef HAVE_STDLIB_H
| #  include <stdlib.h>
| # endif
| #endif
| #ifdef HAVE_STRING_H
| # if !defined STDC_HEADERS && defined HAVE_MEMORY_H
| #  include <memory.h>
| # endif
| # include <string.h>
| #endif
| #ifdef HAVE_STRINGS_H
| # include <strings.h>
| #endif
| #ifdef HAVE_INTTYPES_H
| # include <inttypes.h>
| #endif
| #ifdef HAVE_STDINT_H
| # include <stdint.h>
| #endif
| #ifdef HAVE_UNISTD_H
| # include <unistd.h>
| #endif
| #include <minix/config.h>
configure:5207: result: no
configure:5207: checking minix/config.h presence
configure:5207: gcc -E  conftest.c
conftest.c:21:26: fatal error: minix/config.h: No such file or directory
compilation terminated.
configure:5207: $? = 1
configure: failed program was:
| /* confdefs.h */
| #define PACKAGE_NAME "gnote"
| #define PACKAGE_TARNAME "gnote"
| #define PACKAGE_VERSION "0.7.4"
| #define PACKAGE_STRING "gnote 0.7.4"
| #define PACKAGE_BUGREPORT ""
| #define PACKAGE_URL ""
| #define PACKAGE "gnote"
| #define VERSION "0.7.4"
| #define STDC_HEADERS 1
| #define HAVE_SYS_TYPES_H 1
| #define HAVE_SYS_STAT_H 1
| #define HAVE_STDLIB_H 1
| #define HAVE_STRING_H 1
| #define HAVE_MEMORY_H 1
| #define HAVE_STRINGS_H 1
| #define HAVE_INTTYPES_H 1
| #define HAVE_STDINT_H 1
| #define HAVE_UNISTD_H 1
| /* end confdefs.h.  */
| #include <minix/config.h>
configure:5207: result: no
configure:5207: checking for minix/config.h
configure:5207: result: no
configure:5228: checking whether it is safe to define __EXTENSIONS__
configure:5246: gcc -c -s -Os -mtune=native -march=native  conftest.c >&5
configure:5246: $? = 0
configure:5253: result: yes
configure:5332: checking build system type
configure:5346: result: x86_64-unknown-linux-gnu
configure:5366: checking host system type
configure:5379: result: x86_64-unknown-linux-gnu
configure:5420: checking how to print strings
configure:5447: result: printf
configure:5468: checking for a sed that does not truncate output
configure:5532: result: /bin/sed
configure:5550: checking for fgrep
configure:5612: result: /bin/grep -F
configure:5647: checking for ld used by gcc
configure:5714: result: /usr/bin/ld
configure:5721: checking if the linker (/usr/bin/ld) is GNU ld
configure:5736: result: yes
configure:5748: checking for BSD- or MS-compatible name lister (nm)
configure:5797: result: /usr/bin/nm -B
configure:5927: checking the name lister (/usr/bin/nm -B) interface
configure:5934: gcc -c -s -Os -mtune=native -march=native -DNDEBUG   -DNDEBUG -Wall -Wcast-align -Wcast-qual -Wpointer-arith -Wreturn-type conftest.c >&5
configure:5937: /usr/bin/nm -B "conftest.o"
configure:5940: output
0000000000000000 B some_variable
configure:5947: result: BSD nm
configure:5951: checking the maximum length of command line arguments
configure:6076: result: 1572864
configure:6093: checking whether the shell understands some XSI constructs
configure:6103: result: yes
configure:6107: checking whether the shell understands "+="
configure:6113: result: yes
configure:6148: checking for /usr/bin/ld option to reload object files
configure:6155: result: -r
configure:6224: checking for objdump
configure:6240: found /usr/bin/objdump
configure:6251: result: objdump
configure:6283: checking how to recognize dependent libraries
configure:6485: result: pass_all
configure:6545: checking for ar
configure:6561: found /usr/bin/ar
configure:6572: result: ar
configure:6650: checking for strip
configure:6666: found /usr/bin/strip
configure:6677: result: strip
configure:6749: checking for ranlib
configure:6765: found /usr/bin/ranlib
configure:6776: result: ranlib
configure:6878: checking command to parse /usr/bin/nm -B output from gcc object
configure:6996: gcc -c -s -Os -mtune=native -march=native -DNDEBUG   -DNDEBUG -Wall -Wcast-align -Wcast-qual -Wpointer-arith -Wreturn-type conftest.c >&5
configure:6999: $? = 0
configure:7003: /usr/bin/nm -B conftest.o \| sed -n -e 's/^.*[ ]\([ABCDGIRSTW][ABCDGIRSTW]*\)[ ][ ]*\([_A-Za-z][_A-Za-z0-9]*\)$/\1 \2 \2/p' \> conftest.nm
configure:7006: $? = 0
configure:7060: gcc -o conftest -s -Os -mtune=native -march=native -DNDEBUG   -DNDEBUG -Wall -Wcast-align -Wcast-qual -Wpointer-arith -Wreturn-type  conftest.c conftstm.o >&5
configure:7063: $? = 0
configure:7101: result: ok
configure:7196: gcc -c -s -Os -mtune=native -march=native -DNDEBUG   -DNDEBUG -Wall -Wcast-align -Wcast-qual -Wpointer-arith -Wreturn-type conftest.c >&5
configure:7199: $? = 0
configure:7938: checking for dlfcn.h
configure:7938: gcc -c -s -Os -mtune=native -march=native -DNDEBUG   -DNDEBUG -Wall -Wcast-align -Wcast-qual -Wpointer-arith -Wreturn-type conftest.c >&5
configure:7938: $? = 0
configure:7938: result: yes
configure:8126: checking for objdir
configure:8141: result: .libs
configure:8412: checking if gcc supports -fno-rtti -fno-exceptions
configure:8430: gcc -c -s -Os -mtune=native -march=native -DNDEBUG   -DNDEBUG -Wall -Wcast-align -Wcast-qual -Wpointer-arith -Wreturn-type -fno-rtti -fno-exceptions conftest.c >&5
cc1: warning: command line option '-fno-rtti' is valid for C++/ObjC++ but not for C [enabled by default]
configure:8434: $? = 0
configure:8447: result: no
configure:8467: checking for gcc option to produce PIC
configure:8752: result: -fPIC -DPIC
configure:8764: checking if gcc PIC flag -fPIC -DPIC works
configure:8782: gcc -c -s -Os -mtune=native -march=native -DNDEBUG   -DNDEBUG -Wall -Wcast-align -Wcast-qual -Wpointer-arith -Wreturn-type -fPIC -DPIC -DPIC conftest.c >&5
configure:8786: $? = 0
configure:8799: result: yes
configure:8823: checking if gcc static flag -static works
configure:8851: result: yes
configure:8866: checking if gcc supports -c -o file.o
configure:8887: gcc -c -s -Os -mtune=native -march=native -DNDEBUG   -DNDEBUG -Wall -Wcast-align -Wcast-qual -Wpointer-arith -Wreturn-type -o out/conftest2.o conftest.c >&5
configure:8891: $? = 0
configure:8913: result: yes
configure:8921: checking if gcc supports -c -o file.o
configure:8968: result: yes
configure:9001: checking whether the gcc linker (/usr/bin/ld -m elf_x86_64) supports shared libraries
configure:10076: result: yes
configure:10113: checking whether -lc should be explicitly linked in
configure:10121: gcc -c -s -Os -mtune=native -march=native -DNDEBUG   -DNDEBUG -Wall -Wcast-align -Wcast-qual -Wpointer-arith -Wreturn-type conftest.c >&5
configure:10124: $? = 0
configure:10139: gcc -shared conftest.o  -v -Wl,-soname -Wl,conftest -o conftest 2\>\&1 \| /bin/grep  -lc  \>/dev/null 2\>\&1
configure:10142: $? = 0
configure:10156: result: no
configure:10321: checking dynamic linker characteristics
configure:10776: gcc -o conftest -s -Os -mtune=native -march=native -DNDEBUG   -DNDEBUG -Wall -Wcast-align -Wcast-qual -Wpointer-arith -Wreturn-type  -Wl,-rpath -Wl,/foo conftest.c  >&5
configure:10776: $? = 0
configure:11002: result: GNU/Linux ld.so
configure:11109: checking how to hardcode library paths into programs
configure:11134: result: immediate
configure:11674: checking whether stripping libraries is possible
configure:11679: result: yes
configure:11714: checking if libtool supports shared libraries
configure:11716: result: yes
configure:11719: checking whether to build shared libraries
configure:11740: result: yes
configure:11743: checking whether to build static libraries
configure:11747: result: yes
configure:11770: checking how to run the C++ preprocessor
configure:11797: g++ -E  -DNDEBUG -Wall -Wcast-align -Wcast-qual -Wpointer-arith -Wreturn-type conftest.cpp
configure:11797: $? = 0
configure:11811: g++ -E  -DNDEBUG -Wall -Wcast-align -Wcast-qual -Wpointer-arith -Wreturn-type conftest.cpp
conftest.cpp:28:28: fatal error: ac_nonexistent.h: No such file or directory
compilation terminated.
configure:11811: $? = 1
configure: failed program was:
| /* confdefs.h */
| #define PACKAGE_NAME "gnote"
| #define PACKAGE_TARNAME "gnote"
| #define PACKAGE_VERSION "0.7.4"
| #define PACKAGE_STRING "gnote 0.7.4"
| #define PACKAGE_BUGREPORT ""
| #define PACKAGE_URL ""
| #define PACKAGE "gnote"
| #define VERSION "0.7.4"
| #define STDC_HEADERS 1
| #define HAVE_SYS_TYPES_H 1
| #define HAVE_SYS_STAT_H 1
| #define HAVE_STDLIB_H 1
| #define HAVE_STRING_H 1
| #define HAVE_MEMORY_H 1
| #define HAVE_STRINGS_H 1
| #define HAVE_INTTYPES_H 1
| #define HAVE_STDINT_H 1
| #define HAVE_UNISTD_H 1
| #define __EXTENSIONS__ 1
| #define _ALL_SOURCE 1
| #define _GNU_SOURCE 1
| #define _POSIX_PTHREAD_SEMANTICS 1
| #define _TANDEM_SOURCE 1
| #define HAVE_DLFCN_H 1
| #define LT_OBJDIR ".libs/"
| /* end confdefs.h.  */
| #include <ac_nonexistent.h>
configure:11836: result: g++ -E
configure:11856: g++ -E  -DNDEBUG -Wall -Wcast-align -Wcast-qual -Wpointer-arith -Wreturn-type conftest.cpp
configure:11856: $? = 0
configure:11870: g++ -E  -DNDEBUG -Wall -Wcast-align -Wcast-qual -Wpointer-arith -Wreturn-type conftest.cpp
conftest.cpp:28:28: fatal error: ac_nonexistent.h: No such file or directory
compilation terminated.
configure:11870: $? = 1
configure: failed program was:
| /* confdefs.h */
| #define PACKAGE_NAME "gnote"
| #define PACKAGE_TARNAME "gnote"
| #define PACKAGE_VERSION "0.7.4"
| #define PACKAGE_STRING "gnote 0.7.4"
| #define PACKAGE_BUGREPORT ""
| #define PACKAGE_URL ""
| #define PACKAGE "gnote"
| #define VERSION "0.7.4"
| #define STDC_HEADERS 1
| #define HAVE_SYS_TYPES_H 1
| #define HAVE_SYS_STAT_H 1
| #define HAVE_STDLIB_H 1
| #define HAVE_STRING_H 1
| #define HAVE_MEMORY_H 1
| #define HAVE_STRINGS_H 1
| #define HAVE_INTTYPES_H 1
| #define HAVE_STDINT_H 1
| #define HAVE_UNISTD_H 1
| #define __EXTENSIONS__ 1
| #define _ALL_SOURCE 1
| #define _GNU_SOURCE 1
| #define _POSIX_PTHREAD_SEMANTICS 1
| #define _TANDEM_SOURCE 1
| #define HAVE_DLFCN_H 1
| #define LT_OBJDIR ".libs/"
| /* end confdefs.h.  */
| #include <ac_nonexistent.h>
configure:12038: checking for ld used by g++
configure:12105: result: /usr/bin/ld -m elf_x86_64
configure:12112: checking if the linker (/usr/bin/ld -m elf_x86_64) is GNU ld
configure:12127: result: yes
configure:12182: checking whether the g++ linker (/usr/bin/ld -m elf_x86_64) supports shared libraries
configure:13114: result: yes
configure:13142: g++ -c -g -O2 -DNDEBUG   -DNDEBUG -Wall -Wcast-align -Wcast-qual -Wpointer-arith -Wreturn-type conftest.cpp >&5
configure:13145: $? = 0
configure:13327: checking for g++ option to produce PIC
configure:13649: result: -fPIC -DPIC
configure:13658: checking if g++ PIC flag -fPIC -DPIC works
configure:13676: g++ -c -g -O2 -DNDEBUG   -DNDEBUG -Wall -Wcast-align -Wcast-qual -Wpointer-arith -Wreturn-type -fPIC -DPIC -DPIC conftest.cpp >&5
configure:13680: $? = 0
configure:13693: result: yes
configure:13714: checking if g++ static flag -static works
configure:13742: result: yes
configure:13754: checking if g++ supports -c -o file.o
configure:13775: g++ -c -g -O2 -DNDEBUG   -DNDEBUG -Wall -Wcast-align -Wcast-qual -Wpointer-arith -Wreturn-type -o out/conftest2.o conftest.cpp >&5
configure:13779: $? = 0
configure:13801: result: yes
configure:13806: checking if g++ supports -c -o file.o
configure:13853: result: yes
configure:13883: checking whether the g++ linker (/usr/bin/ld -m elf_x86_64) supports shared libraries
configure:13911: result: yes
configure:14054: checking dynamic linker characteristics
configure:14669: result: GNU/Linux ld.so
configure:14722: checking how to hardcode library paths into programs
configure:14747: result: immediate
configure:14816: checking for LIBGLIBMM
configure:14823: $PKG_CONFIG --exists --print-errors "glibmm-2.4"
configure:14826: $? = 0
configure:14840: $PKG_CONFIG --exists --print-errors "glibmm-2.4"
configure:14843: $? = 0
configure:14901: result: yes
configure:14907: checking for GTK
configure:14914: $PKG_CONFIG --exists --print-errors "gtk+-2.0 >= $GTK_VERSION"
configure:14917: $? = 0
configure:14931: $PKG_CONFIG --exists --print-errors "gtk+-2.0 >= $GTK_VERSION"
configure:14934: $? = 0
configure:14992: result: yes
configure:14998: checking for LIBGTKMM
configure:15005: $PKG_CONFIG --exists --print-errors "gtkmm-2.4 >= $LIBGTKMM_VERSION"
configure:15008: $? = 0
configure:15022: $PKG_CONFIG --exists --print-errors "gtkmm-2.4 >= $LIBGTKMM_VERSION"
configure:15025: $? = 0
configure:15083: result: yes
configure:15089: checking for LIBXML
configure:15096: $PKG_CONFIG --exists --print-errors "libxml-2.0"
configure:15099: $? = 0
configure:15113: $PKG_CONFIG --exists --print-errors "libxml-2.0"
configure:15116: $? = 0
configure:15174: result: yes
configure:15180: checking for LIBXSLT
configure:15187: $PKG_CONFIG --exists --print-errors "libxslt"
configure:15190: $? = 0
configure:15204: $PKG_CONFIG --exists --print-errors "libxslt"
configure:15207: $? = 0
configure:15265: result: yes
configure:15271: checking for MATECONF
configure:15278: $PKG_CONFIG --exists --print-errors "mateconf-2.0"
configure:15281: $? = 0
configure:15295: $PKG_CONFIG --exists --print-errors "mateconf-2.0"
configure:15298: $? = 0
configure:15356: result: yes
configure:15362: checking for PCRE
configure:15369: $PKG_CONFIG --exists --print-errors "libpcrecpp"
configure:15372: $? = 0
configure:15386: $PKG_CONFIG --exists --print-errors "libpcrecpp"
configure:15389: $? = 0
configure:15447: result: yes
configure:15453: $PKG_CONFIG --exists --print-errors "gtkmm-2.4 >= 2.14.0"
configure:15456: $? = 0
configure:15464: checking uuid/uuid.h usability
configure:15464: g++ -c -g -O2 -DNDEBUG   -DNDEBUG -Wall -Wcast-align -Wcast-qual -Wpointer-arith -Wreturn-type conftest.cpp >&5
configure:15464: $? = 0
configure:15464: result: yes
configure:15464: checking uuid/uuid.h presence
configure:15464: g++ -E  -DNDEBUG -Wall -Wcast-align -Wcast-qual -Wpointer-arith -Wreturn-type conftest.cpp
configure:15464: $? = 0
configure:15464: result: yes
configure:15464: checking for uuid/uuid.h
configure:15464: result: yes
configure:15472: checking for uuid_unparse_lower in -luuid
configure:15497: g++ -o conftest -g -O2 -DNDEBUG   -DNDEBUG -Wall -Wcast-align -Wcast-qual -Wpointer-arith -Wreturn-type  conftest.cpp -luuid   >&5
configure:15497: $? = 0
configure:15506: result: yes
configure:15530: $PKG_CONFIG --exists --print-errors "libmatepanelappletmm-2.6 >= $LIBPANELAPPLETMM_VERSION"
Package libmatepanelappletmm-2.6 was not found in the pkg-config search path.
Perhaps you should add the directory containing `libmatepanelappletmm-2.6.pc'
to the PKG_CONFIG_PATH environment variable
No package 'libmatepanelappletmm-2.6' found
configure:15533: $? = 1
configure:15671: checking for GTKSPELL
configure:15678: $PKG_CONFIG --exists --print-errors "gtkspell-2.0 >= $GTKSPELL_VERSION"
configure:15681: $? = 0
configure:15695: $PKG_CONFIG --exists --print-errors "gtkspell-2.0 >= $GTKSPELL_VERSION"
configure:15698: $? = 0
configure:15736: result: yes
configure: this is boost.m4 serial 15
configure:15782: checking for Boost headers version >= 1.34.0
configure:15853: g++ -c -g -O2 -DNDEBUG   -DNDEBUG -Wall -Wcast-align -Wcast-qual -Wpointer-arith -Wreturn-type conftest.cpp >&5
configure:15853: $? = 0
configure:15874: result: yes
configure:15893: checking for Boost's header version
configure:15911: result: 1_46_1
configure:15934: checking boost/bind.hpp usability
configure:15934: g++ -c -g -O2 -DNDEBUG   -DNDEBUG -Wall -Wcast-align -Wcast-qual -Wpointer-arith -Wreturn-type  conftest.cpp >&5
configure:15934: $? = 0
configure:15934: result: yes
configure:15934: checking boost/bind.hpp presence
configure:15934: g++ -E  -DNDEBUG -Wall -Wcast-align -Wcast-qual -Wpointer-arith -Wreturn-type  conftest.cpp
configure:15934: $? = 0
configure:15934: result: yes
configure:15934: checking for boost/bind.hpp
configure:15934: result: yes
configure:15964: checking boost/cast.hpp usability
configure:15964: g++ -c -g -O2 -DNDEBUG   -DNDEBUG -Wall -Wcast-align -Wcast-qual -Wpointer-arith -Wreturn-type  conftest.cpp >&5
configure:15964: $? = 0
configure:15964: result: yes
configure:15964: checking boost/cast.hpp presence
configure:15964: g++ -E  -DNDEBUG -Wall -Wcast-align -Wcast-qual -Wpointer-arith -Wreturn-type  conftest.cpp
configure:15964: $? = 0
configure:15964: result: yes
configure:15964: checking for boost/cast.hpp
configure:15964: result: yes
configure:15993: checking boost/lexical_cast.hpp usability
configure:15993: g++ -c -g -O2 -DNDEBUG   -DNDEBUG -Wall -Wcast-align -Wcast-qual -Wpointer-arith -Wreturn-type  conftest.cpp >&5
configure:15993: $? = 0
configure:15993: result: yes
configure:15993: checking boost/lexical_cast.hpp presence
configure:15993: g++ -E  -DNDEBUG -Wall -Wcast-align -Wcast-qual -Wpointer-arith -Wreturn-type  conftest.cpp
configure:15993: $? = 0
configure:15993: result: yes
configure:15993: checking for boost/lexical_cast.hpp
configure:15993: result: yes
configure:16024: checking boost/format.hpp usability
configure:16024: g++ -c -g -O2 -DNDEBUG   -DNDEBUG -Wall -Wcast-align -Wcast-qual -Wpointer-arith -Wreturn-type  conftest.cpp >&5
configure:16024: $? = 0
configure:16024: result: yes
configure:16024: checking boost/format.hpp presence
configure:16024: g++ -E  -DNDEBUG -Wall -Wcast-align -Wcast-qual -Wpointer-arith -Wreturn-type  conftest.cpp
configure:16024: $? = 0
configure:16024: result: yes
configure:16024: checking for boost/format.hpp
configure:16024: result: yes
configure:16043: checking for the toolset name used by Boost for g++
configure:16116: g++ -c -g -O2 -DNDEBUG   -DNDEBUG -Wall -Wcast-align -Wcast-qual -Wpointer-arith -Wreturn-type conftest.cpp >&5
configure:16116: $? = 0
configure:16151: result: gcc46 -gcc
configure:16178: g++ -c -g -O2 -DNDEBUG   -DNDEBUG -Wall -Wcast-align -Wcast-qual -Wpointer-arith -Wreturn-type conftest.cpp >&5
conftest.cpp:40:3: error: #error MT not needed
configure:16178: $? = 1
configure: failed program was:
| /* confdefs.h */
| #define PACKAGE_NAME "gnote"
| #define PACKAGE_TARNAME "gnote"
| #define PACKAGE_VERSION "0.7.4"
| #define PACKAGE_STRING "gnote 0.7.4"
| #define PACKAGE_BUGREPORT ""
| #define PACKAGE_URL ""
| #define PACKAGE "gnote"
| #define VERSION "0.7.4"
| #define STDC_HEADERS 1
| #define HAVE_SYS_TYPES_H 1
| #define HAVE_SYS_STAT_H 1
| #define HAVE_STDLIB_H 1
| #define HAVE_STRING_H 1
| #define HAVE_MEMORY_H 1
| #define HAVE_STRINGS_H 1
| #define HAVE_INTTYPES_H 1
| #define HAVE_STDINT_H 1
| #define HAVE_UNISTD_H 1
| #define __EXTENSIONS__ 1
| #define _ALL_SOURCE 1
| #define _GNU_SOURCE 1
| #define _POSIX_PTHREAD_SEMANTICS 1
| #define _TANDEM_SOURCE 1
| #define HAVE_DLFCN_H 1
| #define LT_OBJDIR ".libs/"
| #define HAVE_CLASS_GTK__WIDGET_SIGNAL_POPUP_MENU 1
| #define HAVE_LIBUUID 1
| #define FIXED_GTKSPELL 1
| #define HAVE_BOOST 1
| #define HAVE_BOOST_BIND_HPP 1
| #define HAVE_BOOST_CAST_HPP 1
| #define HAVE_BOOST_LEXICAL_CAST_HPP 1
| #define HAVE_BOOST_FORMAT_HPP 1
| /* end confdefs.h.  */
| 
| #if defined _REENTRANT || defined _MT || defined __MT__
| /* use -mt */
| #else
| # error MT not needed
| #endif
| 
| int
| main ()
| {
| 
|   ;
|   return 0;
| }
configure:16205: checking boost/test/unit_test.hpp usability
configure:16205: g++ -c -g -O2 -DNDEBUG   -DNDEBUG -Wall -Wcast-align -Wcast-qual -Wpointer-arith -Wreturn-type  conftest.cpp >&5
configure:16205: $? = 0
configure:16205: result: yes
configure:16205: checking boost/test/unit_test.hpp presence
configure:16205: g++ -E  -DNDEBUG -Wall -Wcast-align -Wcast-qual -Wpointer-arith -Wreturn-type  conftest.cpp
configure:16205: $? = 0
configure:16205: result: yes
configure:16205: checking for boost/test/unit_test.hpp
configure:16205: result: yes
configure:16232: checking for the Boost unit_test_framework library
configure:16276: g++ -c -g -O2 -DNDEBUG   -DNDEBUG -Wall -Wcast-align -Wcast-qual -Wpointer-arith -Wreturn-type  conftest.cpp >&5
configure:16276: $? = 0
configure:16327: re-using the existing conftest.o
configure:16333: g++ -o conftest -g -O2 -DNDEBUG   -DNDEBUG -Wall -Wcast-align -Wcast-qual -Wpointer-arith -Wreturn-type   -L/usr/local/lib conftest.o -lboost_unit_test_framework-gcc46-mt-1_46_1 -luuid  >&5
/usr/bin/ld: cannot find -lboost_unit_test_framework-gcc46-mt-1_46_1
collect2: ld returned 1 exit status
configure:16342: $? = 1
configure:16327: re-using the existing conftest.o
configure:16333: g++ -o conftest -g -O2 -DNDEBUG   -DNDEBUG -Wall -Wcast-align -Wcast-qual -Wpointer-arith -Wreturn-type   -L/opt/lib32 conftest.o -lboost_unit_test_framework-gcc46-mt-1_46_1 -luuid  >&5
/usr/bin/ld: cannot find -lboost_unit_test_framework-gcc46-mt-1_46_1
collect2: ld returned 1 exit status
configure:16342: $? = 1
configure:16327: re-using the existing conftest.o
configure:16333: g++ -o conftest -g -O2 -DNDEBUG   -DNDEBUG -Wall -Wcast-align -Wcast-qual -Wpointer-arith -Wreturn-type   -L/usr/lib conftest.o -lboost_unit_test_framework-gcc46-mt-1_46_1 -luuid  >&5
/usr/bin/ld: cannot find -lboost_unit_test_framework-gcc46-mt-1_46_1
collect2: ld returned 1 exit status
configure:16342: $? = 1
configure:16327: re-using the existing conftest.o
configure:16333: g++ -o conftest -g -O2 -DNDEBUG   -DNDEBUG -Wall -Wcast-align -Wcast-qual -Wpointer-arith -Wreturn-type   -L/usr/lib32 conftest.o -lboost_unit_test_framework-gcc46-mt-1_46_1 -luuid  >&5
/usr/bin/ld: cannot find -lboost_unit_test_framework-gcc46-mt-1_46_1
/usr/bin/ld: skipping incompatible /usr/lib32/libuuid.so when searching for -luuid
/usr/bin/ld: skipping incompatible /usr/lib32/libuuid.a when searching for -luuid
/usr/bin/ld: skipping incompatible /usr/lib32/libstdc++.so when searching for -lstdc++
/usr/bin/ld: skipping incompatible /usr/lib32/libm.so when searching for -lm
/usr/bin/ld: skipping incompatible /usr/lib32/libm.a when searching for -lm
/usr/bin/ld: skipping incompatible /usr/lib32/libgcc_s.so when searching for -lgcc_s
/usr/bin/ld: skipping incompatible /usr/lib32/libc.so when searching for -lc
/usr/bin/ld: skipping incompatible /usr/lib32/libc.a when searching for -lc
collect2: ld returned 1 exit status
configure:16342: $? = 1
configure:16327: re-using the existing conftest.o
configure:16333: g++ -o conftest -g -O2 -DNDEBUG   -DNDEBUG -Wall -Wcast-align -Wcast-qual -Wpointer-arith -Wreturn-type   -L/usr/lib64 conftest.o -lboost_unit_test_framework-gcc46-mt-1_46_1 -luuid  >&5
/usr/bin/ld: cannot find -lboost_unit_test_framework-gcc46-mt-1_46_1
collect2: ld returned 1 exit status
configure:16342: $? = 1
configure:16327: re-using the existing conftest.o
configure:16333: g++ -o conftest -g -O2 -DNDEBUG   -DNDEBUG -Wall -Wcast-align -Wcast-qual -Wpointer-arith -Wreturn-type   -L/usr/libexec conftest.o -lboost_unit_test_framework-gcc46-mt-1_46_1 -luuid  >&5
/usr/bin/ld: cannot find -lboost_unit_test_framework-gcc46-mt-1_46_1
collect2: ld returned 1 exit status
configure:16342: $? = 1
configure:16327: re-using the existing conftest.o
configure:16333: g++ -o conftest -g -O2 -DNDEBUG   -DNDEBUG -Wall -Wcast-align -Wcast-qual -Wpointer-arith -Wreturn-type   -L/lib conftest.o -lboost_unit_test_framework-gcc46-mt-1_46_1 -luuid  >&5
/usr/bin/ld: cannot find -lboost_unit_test_framework-gcc46-mt-1_46_1
collect2: ld returned 1 exit status
configure:16342: $? = 1
configure:16327: re-using the existing conftest.o
configure:16333: g++ -o conftest -g -O2 -DNDEBUG   -DNDEBUG -Wall -Wcast-align -Wcast-qual -Wpointer-arith -Wreturn-type   -L/lib64 conftest.o -lboost_unit_test_framework-gcc46-mt-1_46_1 -luuid  >&5
/usr/bin/ld: cannot find -lboost_unit_test_framework-gcc46-mt-1_46_1
collect2: ld returned 1 exit status
configure:16342: $? = 1
configure:16327: re-using the existing conftest.o
configure:16333: g++ -o conftest -g -O2 -DNDEBUG   -DNDEBUG -Wall -Wcast-align -Wcast-qual -Wpointer-arith -Wreturn-type   -L/usr/local/lib conftest.o -lboost_unit_test_framework-gcc46-1_46_1 -luuid  >&5
/usr/bin/ld: cannot find -lboost_unit_test_framework-gcc46-1_46_1
collect2: ld returned 1 exit status
configure:16342: $? = 1
configure:16327: re-using the existing conftest.o
configure:16333: g++ -o conftest -g -O2 -DNDEBUG   -DNDEBUG -Wall -Wcast-align -Wcast-qual -Wpointer-arith -Wreturn-type   -L/opt/lib32 conftest.o -lboost_unit_test_framework-gcc46-1_46_1 -luuid  >&5
/usr/bin/ld: cannot find -lboost_unit_test_framework-gcc46-1_46_1
collect2: ld returned 1 exit status
configure:16342: $? = 1
configure:16327: re-using the existing conftest.o
configure:16333: g++ -o conftest -g -O2 -DNDEBUG   -DNDEBUG -Wall -Wcast-align -Wcast-qual -Wpointer-arith -Wreturn-type   -L/usr/lib conftest.o -lboost_unit_test_framework-gcc46-1_46_1 -luuid  >&5
/usr/bin/ld: cannot find -lboost_unit_test_framework-gcc46-1_46_1
collect2: ld returned 1 exit status
configure:16342: $? = 1
configure:16327: re-using the existing conftest.o
configure:16333: g++ -o conftest -g -O2 -DNDEBUG   -DNDEBUG -Wall -Wcast-align -Wcast-qual -Wpointer-arith -Wreturn-type   -L/usr/lib32 conftest.o -lboost_unit_test_framework-gcc46-1_46_1 -luuid  >&5
/usr/bin/ld: cannot find -lboost_unit_test_framework-gcc46-1_46_1
/usr/bin/ld: skipping incompatible /usr/lib32/libuuid.so when searching for -luuid
/usr/bin/ld: skipping incompatible /usr/lib32/libuuid.a when searching for -luuid
/usr/bin/ld: skipping incompatible /usr/lib32/libstdc++.so when searching for -lstdc++
/usr/bin/ld: skipping incompatible /usr/lib32/libm.so when searching for -lm
/usr/bin/ld: skipping incompatible /usr/lib32/libm.a when searching for -lm
/usr/bin/ld: skipping incompatible /usr/lib32/libgcc_s.so when searching for -lgcc_s
/usr/bin/ld: skipping incompatible /usr/lib32/libc.so when searching for -lc
/usr/bin/ld: skipping incompatible /usr/lib32/libc.a when searching for -lc
collect2: ld returned 1 exit status
configure:16342: $? = 1
configure:16327: re-using the existing conftest.o
configure:16333: g++ -o conftest -g -O2 -DNDEBUG   -DNDEBUG -Wall -Wcast-align -Wcast-qual -Wpointer-arith -Wreturn-type   -L/usr/lib64 conftest.o -lboost_unit_test_framework-gcc46-1_46_1 -luuid  >&5
/usr/bin/ld: cannot find -lboost_unit_test_framework-gcc46-1_46_1
collect2: ld returned 1 exit status
configure:16342: $? = 1
configure:16327: re-using the existing conftest.o
configure:16333: g++ -o conftest -g -O2 -DNDEBUG   -DNDEBUG -Wall -Wcast-align -Wcast-qual -Wpointer-arith -Wreturn-type   -L/usr/libexec conftest.o -lboost_unit_test_framework-gcc46-1_46_1 -luuid  >&5
/usr/bin/ld: cannot find -lboost_unit_test_framework-gcc46-1_46_1
collect2: ld returned 1 exit status
configure:16342: $? = 1
configure:16327: re-using the existing conftest.o
configure:16333: g++ -o conftest -g -O2 -DNDEBUG   -DNDEBUG -Wall -Wcast-align -Wcast-qual -Wpointer-arith -Wreturn-type   -L/lib conftest.o -lboost_unit_test_framework-gcc46-1_46_1 -luuid  >&5
/usr/bin/ld: cannot find -lboost_unit_test_framework-gcc46-1_46_1
collect2: ld returned 1 exit status
configure:16342: $? = 1
configure:16327: re-using the existing conftest.o
configure:16333: g++ -o conftest -g -O2 -DNDEBUG   -DNDEBUG -Wall -Wcast-align -Wcast-qual -Wpointer-arith -Wreturn-type   -L/lib64 conftest.o -lboost_unit_test_framework-gcc46-1_46_1 -luuid  >&5
/usr/bin/ld: cannot find -lboost_unit_test_framework-gcc46-1_46_1
collect2: ld returned 1 exit status
configure:16342: $? = 1
configure:16327: re-using the existing conftest.o
configure:16333: g++ -o conftest -g -O2 -DNDEBUG   -DNDEBUG -Wall -Wcast-align -Wcast-qual -Wpointer-arith -Wreturn-type   -L/usr/local/lib conftest.o -lboost_unit_test_framework-gcc46-mt-d-1_46_1 -luuid  >&5
/usr/bin/ld: cannot find -lboost_unit_test_framework-gcc46-mt-d-1_46_1
collect2: ld returned 1 exit status
configure:16342: $? = 1
configure:16327: re-using the existing conftest.o
configure:16333: g++ -o conftest -g -O2 -DNDEBUG   -DNDEBUG -Wall -Wcast-align -Wcast-qual -Wpointer-arith -Wreturn-type   -L/opt/lib32 conftest.o -lboost_unit_test_framework-gcc46-mt-d-1_46_1 -luuid  >&5
/usr/bin/ld: cannot find -lboost_unit_test_framework-gcc46-mt-d-1_46_1
collect2: ld returned 1 exit status
configure:16342: $? = 1
configure:16327: re-using the existing conftest.o
configure:16333: g++ -o conftest -g -O2 -DNDEBUG   -DNDEBUG -Wall -Wcast-align -Wcast-qual -Wpointer-arith -Wreturn-type   -L/usr/lib conftest.o -lboost_unit_test_framework-gcc46-mt-d-1_46_1 -luuid  >&5
/usr/bin/ld: cannot find -lboost_unit_test_framework-gcc46-mt-d-1_46_1
collect2: ld returned 1 exit status
configure:16342: $? = 1
configure:16327: re-using the existing conftest.o
configure:16333: g++ -o conftest -g -O2 -DNDEBUG   -DNDEBUG -Wall -Wcast-align -Wcast-qual -Wpointer-arith -Wreturn-type   -L/usr/lib32 conftest.o -lboost_unit_test_framework-gcc46-mt-d-1_46_1 -luuid  >&5
/usr/bin/ld: cannot find -lboost_unit_test_framework-gcc46-mt-d-1_46_1
/usr/bin/ld: skipping incompatible /usr/lib32/libuuid.so when searching for -luuid
/usr/bin/ld: skipping incompatible /usr/lib32/libuuid.a when searching for -luuid
/usr/bin/ld: skipping incompatible /usr/lib32/libstdc++.so when searching for -lstdc++
/usr/bin/ld: skipping incompatible /usr/lib32/libm.so when searching for -lm
/usr/bin/ld: skipping incompatible /usr/lib32/libm.a when searching for -lm
/usr/bin/ld: skipping incompatible /usr/lib32/libgcc_s.so when searching for -lgcc_s
/usr/bin/ld: skipping incompatible /usr/lib32/libc.so when searching for -lc
/usr/bin/ld: skipping incompatible /usr/lib32/libc.a when searching for -lc
collect2: ld returned 1 exit status
configure:16342: $? = 1
configure:16327: re-using the existing conftest.o
configure:16333: g++ -o conftest -g -O2 -DNDEBUG   -DNDEBUG -Wall -Wcast-align -Wcast-qual -Wpointer-arith -Wreturn-type   -L/usr/lib64 conftest.o -lboost_unit_test_framework-gcc46-mt-d-1_46_1 -luuid  >&5
/usr/bin/ld: cannot find -lboost_unit_test_framework-gcc46-mt-d-1_46_1
collect2: ld returned 1 exit status
configure:16342: $? = 1
configure:16327: re-using the existing conftest.o
configure:16333: g++ -o conftest -g -O2 -DNDEBUG   -DNDEBUG -Wall -Wcast-align -Wcast-qual -Wpointer-arith -Wreturn-type   -L/usr/libexec conftest.o -lboost_unit_test_framework-gcc46-mt-d-1_46_1 -luuid  >&5
/usr/bin/ld: cannot find -lboost_unit_test_framework-gcc46-mt-d-1_46_1
collect2: ld returned 1 exit status
configure:16342: $? = 1
configure:16327: re-using the existing conftest.o
configure:16333: g++ -o conftest -g -O2 -DNDEBUG   -DNDEBUG -Wall -Wcast-align -Wcast-qual -Wpointer-arith -Wreturn-type   -L/lib conftest.o -lboost_unit_test_framework-gcc46-mt-d-1_46_1 -luuid  >&5
/usr/bin/ld: cannot find -lboost_unit_test_framework-gcc46-mt-d-1_46_1
collect2: ld returned 1 exit status
configure:16342: $? = 1
configure:16327: re-using the existing conftest.o
configure:16333: g++ -o conftest -g -O2 -DNDEBUG   -DNDEBUG -Wall -Wcast-align -Wcast-qual -Wpointer-arith -Wreturn-type   -L/lib64 conftest.o -lboost_unit_test_framework-gcc46-mt-d-1_46_1 -luuid  >&5
/usr/bin/ld: cannot find -lboost_unit_test_framework-gcc46-mt-d-1_46_1
collect2: ld returned 1 exit status
configure:16342: $? = 1
configure:16327: re-using the existing conftest.o
configure:16333: g++ -o conftest -g -O2 -DNDEBUG   -DNDEBUG -Wall -Wcast-align -Wcast-qual -Wpointer-arith -Wreturn-type   -L/usr/local/lib conftest.o -lboost_unit_test_framework-gcc46-d-1_46_1 -luuid  >&5
/usr/bin/ld: cannot find -lboost_unit_test_framework-gcc46-d-1_46_1
collect2: ld returned 1 exit status
configure:16342: $? = 1
configure:16327: re-using the existing conftest.o
configure:16333: g++ -o conftest -g -O2 -DNDEBUG   -DNDEBUG -Wall -Wcast-align -Wcast-qual -Wpointer-arith -Wreturn-type   -L/opt/lib32 conftest.o -lboost_unit_test_framework-gcc46-d-1_46_1 -luuid  >&5
/usr/bin/ld: cannot find -lboost_unit_test_framework-gcc46-d-1_46_1
collect2: ld returned 1 exit status
configure:16342: $? = 1
configure:16327: re-using the existing conftest.o
configure:16333: g++ -o conftest -g -O2 -DNDEBUG   -DNDEBUG -Wall -Wcast-align -Wcast-qual -Wpointer-arith -Wreturn-type   -L/usr/lib conftest.o -lboost_unit_test_framework-gcc46-d-1_46_1 -luuid  >&5
/usr/bin/ld: cannot find -lboost_unit_test_framework-gcc46-d-1_46_1
collect2: ld returned 1 exit status
configure:16342: $? = 1
configure:16327: re-using the existing conftest.o
configure:16333: g++ -o conftest -g -O2 -DNDEBUG   -DNDEBUG -Wall -Wcast-align -Wcast-qual -Wpointer-arith -Wreturn-type   -L/usr/lib32 conftest.o -lboost_unit_test_framework-gcc46-d-1_46_1 -luuid  >&5
/usr/bin/ld: cannot find -lboost_unit_test_framework-gcc46-d-1_46_1
/usr/bin/ld: skipping incompatible /usr/lib32/libuuid.so when searching for -luuid
/usr/bin/ld: skipping incompatible /usr/lib32/libuuid.a when searching for -luuid
/usr/bin/ld: skipping incompatible /usr/lib32/libstdc++.so when searching for -lstdc++
/usr/bin/ld: skipping incompatible /usr/lib32/libm.so when searching for -lm
/usr/bin/ld: skipping incompatible /usr/lib32/libm.a when searching for -lm
/usr/bin/ld: skipping incompatible /usr/lib32/libgcc_s.so when searching for -lgcc_s
/usr/bin/ld: skipping incompatible /usr/lib32/libc.so when searching for -lc
/usr/bin/ld: skipping incompatible /usr/lib32/libc.a when searching for -lc
collect2: ld returned 1 exit status
configure:16342: $? = 1
configure:16327: re-using the existing conftest.o
configure:16333: g++ -o conftest -g -O2 -DNDEBUG   -DNDEBUG -Wall -Wcast-align -Wcast-qual -Wpointer-arith -Wreturn-type   -L/usr/lib64 conftest.o -lboost_unit_test_framework-gcc46-d-1_46_1 -luuid  >&5
/usr/bin/ld: cannot find -lboost_unit_test_framework-gcc46-d-1_46_1
collect2: ld returned 1 exit status
configure:16342: $? = 1
configure:16327: re-using the existing conftest.o
configure:16333: g++ -o conftest -g -O2 -DNDEBUG   -DNDEBUG -Wall -Wcast-align -Wcast-qual -Wpointer-arith -Wreturn-type   -L/usr/libexec conftest.o -lboost_unit_test_framework-gcc46-d-1_46_1 -luuid  >&5
/usr/bin/ld: cannot find -lboost_unit_test_framework-gcc46-d-1_46_1
collect2: ld returned 1 exit status
configure:16342: $? = 1
configure:16327: re-using the existing conftest.o
configure:16333: g++ -o conftest -g -O2 -DNDEBUG   -DNDEBUG -Wall -Wcast-align -Wcast-qual -Wpointer-arith -Wreturn-type   -L/lib conftest.o -lboost_unit_test_framework-gcc46-d-1_46_1 -luuid  >&5
/usr/bin/ld: cannot find -lboost_unit_test_framework-gcc46-d-1_46_1
collect2: ld returned 1 exit status
configure:16342: $? = 1
configure:16327: re-using the existing conftest.o
configure:16333: g++ -o conftest -g -O2 -DNDEBUG   -DNDEBUG -Wall -Wcast-align -Wcast-qual -Wpointer-arith -Wreturn-type   -L/lib64 conftest.o -lboost_unit_test_framework-gcc46-d-1_46_1 -luuid  >&5
/usr/bin/ld: cannot find -lboost_unit_test_framework-gcc46-d-1_46_1
collect2: ld returned 1 exit status
configure:16342: $? = 1
configure:16327: re-using the existing conftest.o
configure:16333: g++ -o conftest -g -O2 -DNDEBUG   -DNDEBUG -Wall -Wcast-align -Wcast-qual -Wpointer-arith -Wreturn-type   -L/usr/local/lib conftest.o -lboost_unit_test_framework-gcc46-mt -luuid  >&5
/usr/bin/ld: cannot find -lboost_unit_test_framework-gcc46-mt
collect2: ld returned 1 exit status
configure:16342: $? = 1
configure:16327: re-using the existing conftest.o
configure:16333: g++ -o conftest -g -O2 -DNDEBUG   -DNDEBUG -Wall -Wcast-align -Wcast-qual -Wpointer-arith -Wreturn-type   -L/opt/lib32 conftest.o -lboost_unit_test_framework-gcc46-mt -luuid  >&5
/usr/bin/ld: cannot find -lboost_unit_test_framework-gcc46-mt
collect2: ld returned 1 exit status
configure:16342: $? = 1
configure:16327: re-using the existing conftest.o
configure:16333: g++ -o conftest -g -O2 -DNDEBUG   -DNDEBUG -Wall -Wcast-align -Wcast-qual -Wpointer-arith -Wreturn-type   -L/usr/lib conftest.o -lboost_unit_test_framework-gcc46-mt -luuid  >&5
/usr/bin/ld: cannot find -lboost_unit_test_framework-gcc46-mt
collect2: ld returned 1 exit status
configure:16342: $? = 1
configure:16327: re-using the existing conftest.o
configure:16333: g++ -o conftest -g -O2 -DNDEBUG   -DNDEBUG -Wall -Wcast-align -Wcast-qual -Wpointer-arith -Wreturn-type   -L/usr/lib32 conftest.o -lboost_unit_test_framework-gcc46-mt -luuid  >&5
/usr/bin/ld: cannot find -lboost_unit_test_framework-gcc46-mt
/usr/bin/ld: skipping incompatible /usr/lib32/libuuid.so when searching for -luuid
/usr/bin/ld: skipping incompatible /usr/lib32/libuuid.a when searching for -luuid
/usr/bin/ld: skipping incompatible /usr/lib32/libstdc++.so when searching for -lstdc++
/usr/bin/ld: skipping incompatible /usr/lib32/libm.so when searching for -lm
/usr/bin/ld: skipping incompatible /usr/lib32/libm.a when searching for -lm
/usr/bin/ld: skipping incompatible /usr/lib32/libgcc_s.so when searching for -lgcc_s
/usr/bin/ld: skipping incompatible /usr/lib32/libc.so when searching for -lc
/usr/bin/ld: skipping incompatible /usr/lib32/libc.a when searching for -lc
collect2: ld returned 1 exit status
configure:16342: $? = 1
configure:16327: re-using the existing conftest.o
configure:16333: g++ -o conftest -g -O2 -DNDEBUG   -DNDEBUG -Wall -Wcast-align -Wcast-qual -Wpointer-arith -Wreturn-type   -L/usr/lib64 conftest.o -lboost_unit_test_framework-gcc46-mt -luuid  >&5
/usr/bin/ld: cannot find -lboost_unit_test_framework-gcc46-mt
collect2: ld returned 1 exit status
configure:16342: $? = 1
configure:16327: re-using the existing conftest.o
configure:16333: g++ -o conftest -g -O2 -DNDEBUG   -DNDEBUG -Wall -Wcast-align -Wcast-qual -Wpointer-arith -Wreturn-type   -L/usr/libexec conftest.o -lboost_unit_test_framework-gcc46-mt -luuid  >&5
/usr/bin/ld: cannot find -lboost_unit_test_framework-gcc46-mt
collect2: ld returned 1 exit status
configure:16342: $? = 1
configure:16327: re-using the existing conftest.o
configure:16333: g++ -o conftest -g -O2 -DNDEBUG   -DNDEBUG -Wall -Wcast-align -Wcast-qual -Wpointer-arith -Wreturn-type   -L/lib conftest.o -lboost_unit_test_framework-gcc46-mt -luuid  >&5
/usr/bin/ld: cannot find -lboost_unit_test_framework-gcc46-mt
collect2: ld returned 1 exit status
configure:16342: $? = 1
configure:16327: re-using the existing conftest.o
configure:16333: g++ -o conftest -g -O2 -DNDEBUG   -DNDEBUG -Wall -Wcast-align -Wcast-qual -Wpointer-arith -Wreturn-type   -L/lib64 conftest.o -lboost_unit_test_framework-gcc46-mt -luuid  >&5
/usr/bin/ld: cannot find -lboost_unit_test_framework-gcc46-mt
collect2: ld returned 1 exit status
configure:16342: $? = 1
configure:16327: re-using the existing conftest.o
configure:16333: g++ -o conftest -g -O2 -DNDEBUG   -DNDEBUG -Wall -Wcast-align -Wcast-qual -Wpointer-arith -Wreturn-type   -L/usr/local/lib conftest.o -lboost_unit_test_framework-gcc46 -luuid  >&5
/usr/bin/ld: cannot find -lboost_unit_test_framework-gcc46
collect2: ld returned 1 exit status
configure:16342: $? = 1
configure:16327: re-using the existing conftest.o
configure:16333: g++ -o conftest -g -O2 -DNDEBUG   -DNDEBUG -Wall -Wcast-align -Wcast-qual -Wpointer-arith -Wreturn-type   -L/opt/lib32 conftest.o -lboost_unit_test_framework-gcc46 -luuid  >&5
/usr/bin/ld: cannot find -lboost_unit_test_framework-gcc46
collect2: ld returned 1 exit status
configure:16342: $? = 1
configure:16327: re-using the existing conftest.o
configure:16333: g++ -o conftest -g -O2 -DNDEBUG   -DNDEBUG -Wall -Wcast-align -Wcast-qual -Wpointer-arith -Wreturn-type   -L/usr/lib conftest.o -lboost_unit_test_framework-gcc46 -luuid  >&5
/usr/bin/ld: cannot find -lboost_unit_test_framework-gcc46
collect2: ld returned 1 exit status
configure:16342: $? = 1
configure:16327: re-using the existing conftest.o
configure:16333: g++ -o conftest -g -O2 -DNDEBUG   -DNDEBUG -Wall -Wcast-align -Wcast-qual -Wpointer-arith -Wreturn-type   -L/usr/lib32 conftest.o -lboost_unit_test_framework-gcc46 -luuid  >&5
/usr/bin/ld: cannot find -lboost_unit_test_framework-gcc46
/usr/bin/ld: skipping incompatible /usr/lib32/libuuid.so when searching for -luuid
/usr/bin/ld: skipping incompatible /usr/lib32/libuuid.a when searching for -luuid
/usr/bin/ld: skipping incompatible /usr/lib32/libstdc++.so when searching for -lstdc++
/usr/bin/ld: skipping incompatible /usr/lib32/libm.so when searching for -lm
/usr/bin/ld: skipping incompatible /usr/lib32/libm.a when searching for -lm
/usr/bin/ld: skipping incompatible /usr/lib32/libgcc_s.so when searching for -lgcc_s
/usr/bin/ld: skipping incompatible /usr/lib32/libc.so when searching for -lc
/usr/bin/ld: skipping incompatible /usr/lib32/libc.a when searching for -lc
collect2: ld returned 1 exit status
configure:16342: $? = 1
configure:16327: re-using the existing conftest.o
configure:16333: g++ -o conftest -g -O2 -DNDEBUG   -DNDEBUG -Wall -Wcast-align -Wcast-qual -Wpointer-arith -Wreturn-type   -L/usr/lib64 conftest.o -lboost_unit_test_framework-gcc46 -luuid  >&5
/usr/bin/ld: cannot find -lboost_unit_test_framework-gcc46
collect2: ld returned 1 exit status
configure:16342: $? = 1
configure:16327: re-using the existing conftest.o
configure:16333: g++ -o conftest -g -O2 -DNDEBUG   -DNDEBUG -Wall -Wcast-align -Wcast-qual -Wpointer-arith -Wreturn-type   -L/usr/libexec conftest.o -lboost_unit_test_framework-gcc46 -luuid  >&5
/usr/bin/ld: cannot find -lboost_unit_test_framework-gcc46
collect2: ld returned 1 exit status
configure:16342: $? = 1
configure:16327: re-using the existing conftest.o
configure:16333: g++ -o conftest -g -O2 -DNDEBUG   -DNDEBUG -Wall -Wcast-align -Wcast-qual -Wpointer-arith -Wreturn-type   -L/lib conftest.o -lboost_unit_test_framework-gcc46 -luuid  >&5
/usr/bin/ld: cannot find -lboost_unit_test_framework-gcc46
collect2: ld returned 1 exit status
configure:16342: $? = 1
configure:16327: re-using the existing conftest.o
configure:16333: g++ -o conftest -g -O2 -DNDEBUG   -DNDEBUG -Wall -Wcast-align -Wcast-qual -Wpointer-arith -Wreturn-type   -L/lib64 conftest.o -lboost_unit_test_framework-gcc46 -luuid  >&5
/usr/bin/ld: cannot find -lboost_unit_test_framework-gcc46
collect2: ld returned 1 exit status
configure:16342: $? = 1
configure:16327: re-using the existing conftest.o
configure:16333: g++ -o conftest -g -O2 -DNDEBUG   -DNDEBUG -Wall -Wcast-align -Wcast-qual -Wpointer-arith -Wreturn-type   -L/usr/local/lib conftest.o -lboost_unit_test_framework-gcc46-mt-d -luuid  >&5
/usr/bin/ld: cannot find -lboost_unit_test_framework-gcc46-mt-d
collect2: ld returned 1 exit status
configure:16342: $? = 1
configure:16327: re-using the existing conftest.o
configure:16333: g++ -o conftest -g -O2 -DNDEBUG   -DNDEBUG -Wall -Wcast-align -Wcast-qual -Wpointer-arith -Wreturn-type   -L/opt/lib32 conftest.o -lboost_unit_test_framework-gcc46-mt-d -luuid  >&5
/usr/bin/ld: cannot find -lboost_unit_test_framework-gcc46-mt-d
collect2: ld returned 1 exit status
configure:16342: $? = 1
configure:16327: re-using the existing conftest.o
configure:16333: g++ -o conftest -g -O2 -DNDEBUG   -DNDEBUG -Wall -Wcast-align -Wcast-qual -Wpointer-arith -Wreturn-type   -L/usr/lib conftest.o -lboost_unit_test_framework-gcc46-mt-d -luuid  >&5
/usr/bin/ld: cannot find -lboost_unit_test_framework-gcc46-mt-d
collect2: ld returned 1 exit status
configure:16342: $? = 1
configure:16327: re-using the existing conftest.o
configure:16333: g++ -o conftest -g -O2 -DNDEBUG   -DNDEBUG -Wall -Wcast-align -Wcast-qual -Wpointer-arith -Wreturn-type   -L/usr/lib32 conftest.o -lboost_unit_test_framework-gcc46-mt-d -luuid  >&5
/usr/bin/ld: cannot find -lboost_unit_test_framework-gcc46-mt-d
/usr/bin/ld: skipping incompatible /usr/lib32/libuuid.so when searching for -luuid
/usr/bin/ld: skipping incompatible /usr/lib32/libuuid.a when searching for -luuid
/usr/bin/ld: skipping incompatible /usr/lib32/libstdc++.so when searching for -lstdc++
/usr/bin/ld: skipping incompatible /usr/lib32/libm.so when searching for -lm
/usr/bin/ld: skipping incompatible /usr/lib32/libm.a when searching for -lm
/usr/bin/ld: skipping incompatible /usr/lib32/libgcc_s.so when searching for -lgcc_s
/usr/bin/ld: skipping incompatible /usr/lib32/libc.so when searching for -lc
/usr/bin/ld: skipping incompatible /usr/lib32/libc.a when searching for -lc
collect2: ld returned 1 exit status
configure:16342: $? = 1
configure:16327: re-using the existing conftest.o
configure:16333: g++ -o conftest -g -O2 -DNDEBUG   -DNDEBUG -Wall -Wcast-align -Wcast-qual -Wpointer-arith -Wreturn-type   -L/usr/lib64 conftest.o -lboost_unit_test_framework-gcc46-mt-d -luuid  >&5
/usr/bin/ld: cannot find -lboost_unit_test_framework-gcc46-mt-d
collect2: ld returned 1 exit status
configure:16342: $? = 1
configure:16327: re-using the existing conftest.o
configure:16333: g++ -o conftest -g -O2 -DNDEBUG   -DNDEBUG -Wall -Wcast-align -Wcast-qual -Wpointer-arith -Wreturn-type   -L/usr/libexec conftest.o -lboost_unit_test_framework-gcc46-mt-d -luuid  >&5
/usr/bin/ld: cannot find -lboost_unit_test_framework-gcc46-mt-d
collect2: ld returned 1 exit status
configure:16342: $? = 1
configure:16327: re-using the existing conftest.o
configure:16333: g++ -o conftest -g -O2 -DNDEBUG   -DNDEBUG -Wall -Wcast-align -Wcast-qual -Wpointer-arith -Wreturn-type   -L/lib conftest.o -lboost_unit_test_framework-gcc46-mt-d -luuid  >&5
/usr/bin/ld: cannot find -lboost_unit_test_framework-gcc46-mt-d
collect2: ld returned 1 exit status
configure:16342: $? = 1
configure:16327: re-using the existing conftest.o
configure:16333: g++ -o conftest -g -O2 -DNDEBUG   -DNDEBUG -Wall -Wcast-align -Wcast-qual -Wpointer-arith -Wreturn-type   -L/lib64 conftest.o -lboost_unit_test_framework-gcc46-mt-d -luuid  >&5
/usr/bin/ld: cannot find -lboost_unit_test_framework-gcc46-mt-d
collect2: ld returned 1 exit status
configure:16342: $? = 1
configure:16327: re-using the existing conftest.o
configure:16333: g++ -o conftest -g -O2 -DNDEBUG   -DNDEBUG -Wall -Wcast-align -Wcast-qual -Wpointer-arith -Wreturn-type   -L/usr/local/lib conftest.o -lboost_unit_test_framework-gcc46-d -luuid  >&5
/usr/bin/ld: cannot find -lboost_unit_test_framework-gcc46-d
collect2: ld returned 1 exit status
configure:16342: $? = 1
configure:16327: re-using the existing conftest.o
configure:16333: g++ -o conftest -g -O2 -DNDEBUG   -DNDEBUG -Wall -Wcast-align -Wcast-qual -Wpointer-arith -Wreturn-type   -L/opt/lib32 conftest.o -lboost_unit_test_framework-gcc46-d -luuid  >&5
/usr/bin/ld: cannot find -lboost_unit_test_framework-gcc46-d
collect2: ld returned 1 exit status
configure:16342: $? = 1
configure:16327: re-using the existing conftest.o
configure:16333: g++ -o conftest -g -O2 -DNDEBUG   -DNDEBUG -Wall -Wcast-align -Wcast-qual -Wpointer-arith -Wreturn-type   -L/usr/lib conftest.o -lboost_unit_test_framework-gcc46-d -luuid  >&5
/usr/bin/ld: cannot find -lboost_unit_test_framework-gcc46-d
collect2: ld returned 1 exit status
configure:16342: $? = 1
configure:16327: re-using the existing conftest.o
configure:16333: g++ -o conftest -g -O2 -DNDEBUG   -DNDEBUG -Wall -Wcast-align -Wcast-qual -Wpointer-arith -Wreturn-type   -L/usr/lib32 conftest.o -lboost_unit_test_framework-gcc46-d -luuid  >&5
/usr/bin/ld: cannot find -lboost_unit_test_framework-gcc46-d
/usr/bin/ld: skipping incompatible /usr/lib32/libuuid.so when searching for -luuid
/usr/bin/ld: skipping incompatible /usr/lib32/libuuid.a when searching for -luuid
/usr/bin/ld: skipping incompatible /usr/lib32/libstdc++.so when searching for -lstdc++
/usr/bin/ld: skipping incompatible /usr/lib32/libm.so when searching for -lm
/usr/bin/ld: skipping incompatible /usr/lib32/libm.a when searching for -lm
/usr/bin/ld: skipping incompatible /usr/lib32/libgcc_s.so when searching for -lgcc_s
/usr/bin/ld: skipping incompatible /usr/lib32/libc.so when searching for -lc
/usr/bin/ld: skipping incompatible /usr/lib32/libc.a when searching for -lc
collect2: ld returned 1 exit status
configure:16342: $? = 1
configure:16327: re-using the existing conftest.o
configure:16333: g++ -o conftest -g -O2 -DNDEBUG   -DNDEBUG -Wall -Wcast-align -Wcast-qual -Wpointer-arith -Wreturn-type   -L/usr/lib64 conftest.o -lboost_unit_test_framework-gcc46-d -luuid  >&5
/usr/bin/ld: cannot find -lboost_unit_test_framework-gcc46-d
collect2: ld returned 1 exit status
configure:16342: $? = 1
configure:16327: re-using the existing conftest.o
configure:16333: g++ -o conftest -g -O2 -DNDEBUG   -DNDEBUG -Wall -Wcast-align -Wcast-qual -Wpointer-arith -Wreturn-type   -L/usr/libexec conftest.o -lboost_unit_test_framework-gcc46-d -luuid  >&5
/usr/bin/ld: cannot find -lboost_unit_test_framework-gcc46-d
collect2: ld returned 1 exit status
configure:16342: $? = 1
configure:16327: re-using the existing conftest.o
configure:16333: g++ -o conftest -g -O2 -DNDEBUG   -DNDEBUG -Wall -Wcast-align -Wcast-qual -Wpointer-arith -Wreturn-type   -L/lib conftest.o -lboost_unit_test_framework-gcc46-d -luuid  >&5
/usr/bin/ld: cannot find -lboost_unit_test_framework-gcc46-d
collect2: ld returned 1 exit status
configure:16342: $? = 1
configure:16327: re-using the existing conftest.o
configure:16333: g++ -o conftest -g -O2 -DNDEBUG   -DNDEBUG -Wall -Wcast-align -Wcast-qual -Wpointer-arith -Wreturn-type   -L/lib64 conftest.o -lboost_unit_test_framework-gcc46-d -luuid  >&5
/usr/bin/ld: cannot find -lboost_unit_test_framework-gcc46-d
collect2: ld returned 1 exit status
configure:16342: $? = 1
configure:16327: re-using the existing conftest.o
configure:16333: g++ -o conftest -g -O2 -DNDEBUG   -DNDEBUG -Wall -Wcast-align -Wcast-qual -Wpointer-arith -Wreturn-type   -L/usr/local/lib conftest.o -lboost_unit_test_framework-gcc-mt-1_46_1 -luuid  >&5
/usr/bin/ld: cannot find -lboost_unit_test_framework-gcc-mt-1_46_1
collect2: ld returned 1 exit status
configure:16342: $? = 1
configure:16327: re-using the existing conftest.o
configure:16333: g++ -o conftest -g -O2 -DNDEBUG   -DNDEBUG -Wall -Wcast-align -Wcast-qual -Wpointer-arith -Wreturn-type   -L/opt/lib32 conftest.o -lboost_unit_test_framework-gcc-mt-1_46_1 -luuid  >&5
/usr/bin/ld: cannot find -lboost_unit_test_framework-gcc-mt-1_46_1
collect2: ld returned 1 exit status
configure:16342: $? = 1
configure:16327: re-using the existing conftest.o
configure:16333: g++ -o conftest -g -O2 -DNDEBUG   -DNDEBUG -Wall -Wcast-align -Wcast-qual -Wpointer-arith -Wreturn-type   -L/usr/lib conftest.o -lboost_unit_test_framework-gcc-mt-1_46_1 -luuid  >&5
/usr/bin/ld: cannot find -lboost_unit_test_framework-gcc-mt-1_46_1
collect2: ld returned 1 exit status
configure:16342: $? = 1
configure:16327: re-using the existing conftest.o
configure:16333: g++ -o conftest -g -O2 -DNDEBUG   -DNDEBUG -Wall -Wcast-align -Wcast-qual -Wpointer-arith -Wreturn-type   -L/usr/lib32 conftest.o -lboost_unit_test_framework-gcc-mt-1_46_1 -luuid  >&5
/usr/bin/ld: cannot find -lboost_unit_test_framework-gcc-mt-1_46_1
/usr/bin/ld: skipping incompatible /usr/lib32/libuuid.so when searching for -luuid
/usr/bin/ld: skipping incompatible /usr/lib32/libuuid.a when searching for -luuid
/usr/bin/ld: skipping incompatible /usr/lib32/libstdc++.so when searching for -lstdc++
/usr/bin/ld: skipping incompatible /usr/lib32/libm.so when searching for -lm
/usr/bin/ld: skipping incompatible /usr/lib32/libm.a when searching for -lm
/usr/bin/ld: skipping incompatible /usr/lib32/libgcc_s.so when searching for -lgcc_s
/usr/bin/ld: skipping incompatible /usr/lib32/libc.so when searching for -lc
/usr/bin/ld: skipping incompatible /usr/lib32/libc.a when searching for -lc
collect2: ld returned 1 exit status
configure:16342: $? = 1
configure:16327: re-using the existing conftest.o
configure:16333: g++ -o conftest -g -O2 -DNDEBUG   -DNDEBUG -Wall -Wcast-align -Wcast-qual -Wpointer-arith -Wreturn-type   -L/usr/lib64 conftest.o -lboost_unit_test_framework-gcc-mt-1_46_1 -luuid  >&5
/usr/bin/ld: cannot find -lboost_unit_test_framework-gcc-mt-1_46_1
collect2: ld returned 1 exit status
configure:16342: $? = 1
configure:16327: re-using the existing conftest.o
configure:16333: g++ -o conftest -g -O2 -DNDEBUG   -DNDEBUG -Wall -Wcast-align -Wcast-qual -Wpointer-arith -Wreturn-type   -L/usr/libexec conftest.o -lboost_unit_test_framework-gcc-mt-1_46_1 -luuid  >&5
/usr/bin/ld: cannot find -lboost_unit_test_framework-gcc-mt-1_46_1
collect2: ld returned 1 exit status
configure:16342: $? = 1
configure:16327: re-using the existing conftest.o
configure:16333: g++ -o conftest -g -O2 -DNDEBUG   -DNDEBUG -Wall -Wcast-align -Wcast-qual -Wpointer-arith -Wreturn-type   -L/lib conftest.o -lboost_unit_test_framework-gcc-mt-1_46_1 -luuid  >&5
/usr/bin/ld: cannot find -lboost_unit_test_framework-gcc-mt-1_46_1
collect2: ld returned 1 exit status
configure:16342: $? = 1
configure:16327: re-using the existing conftest.o
configure:16333: g++ -o conftest -g -O2 -DNDEBUG   -DNDEBUG -Wall -Wcast-align -Wcast-qual -Wpointer-arith -Wreturn-type   -L/lib64 conftest.o -lboost_unit_test_framework-gcc-mt-1_46_1 -luuid  >&5
/usr/bin/ld: cannot find -lboost_unit_test_framework-gcc-mt-1_46_1
collect2: ld returned 1 exit status
configure:16342: $? = 1
configure:16327: re-using the existing conftest.o
configure:16333: g++ -o conftest -g -O2 -DNDEBUG   -DNDEBUG -Wall -Wcast-align -Wcast-qual -Wpointer-arith -Wreturn-type   -L/usr/local/lib conftest.o -lboost_unit_test_framework-gcc-1_46_1 -luuid  >&5
/usr/bin/ld: cannot find -lboost_unit_test_framework-gcc-1_46_1
collect2: ld returned 1 exit status
configure:16342: $? = 1
configure:16327: re-using the existing conftest.o
configure:16333: g++ -o conftest -g -O2 -DNDEBUG   -DNDEBUG -Wall -Wcast-align -Wcast-qual -Wpointer-arith -Wreturn-type   -L/opt/lib32 conftest.o -lboost_unit_test_framework-gcc-1_46_1 -luuid  >&5
/usr/bin/ld: cannot find -lboost_unit_test_framework-gcc-1_46_1
collect2: ld returned 1 exit status
configure:16342: $? = 1
configure:16327: re-using the existing conftest.o
configure:16333: g++ -o conftest -g -O2 -DNDEBUG   -DNDEBUG -Wall -Wcast-align -Wcast-qual -Wpointer-arith -Wreturn-type   -L/usr/lib conftest.o -lboost_unit_test_framework-gcc-1_46_1 -luuid  >&5
/usr/bin/ld: cannot find -lboost_unit_test_framework-gcc-1_46_1
collect2: ld returned 1 exit status
configure:16342: $? = 1
configure:16327: re-using the existing conftest.o
configure:16333: g++ -o conftest -g -O2 -DNDEBUG   -DNDEBUG -Wall -Wcast-align -Wcast-qual -Wpointer-arith -Wreturn-type   -L/usr/lib32 conftest.o -lboost_unit_test_framework-gcc-1_46_1 -luuid  >&5
/usr/bin/ld: cannot find -lboost_unit_test_framework-gcc-1_46_1
/usr/bin/ld: skipping incompatible /usr/lib32/libuuid.so when searching for -luuid
/usr/bin/ld: skipping incompatible /usr/lib32/libuuid.a when searching for -luuid
/usr/bin/ld: skipping incompatible /usr/lib32/libstdc++.so when searching for -lstdc++
/usr/bin/ld: skipping incompatible /usr/lib32/libm.so when searching for -lm
/usr/bin/ld: skipping incompatible /usr/lib32/libm.a when searching for -lm
/usr/bin/ld: skipping incompatible /usr/lib32/libgcc_s.so when searching for -lgcc_s
/usr/bin/ld: skipping incompatible /usr/lib32/libc.so when searching for -lc
/usr/bin/ld: skipping incompatible /usr/lib32/libc.a when searching for -lc
collect2: ld returned 1 exit status
configure:16342: $? = 1
configure:16327: re-using the existing conftest.o
configure:16333: g++ -o conftest -g -O2 -DNDEBUG   -DNDEBUG -Wall -Wcast-align -Wcast-qual -Wpointer-arith -Wreturn-type   -L/usr/lib64 conftest.o -lboost_unit_test_framework-gcc-1_46_1 -luuid  >&5
/usr/bin/ld: cannot find -lboost_unit_test_framework-gcc-1_46_1
collect2: ld returned 1 exit status
configure:16342: $? = 1
configure:16327: re-using the existing conftest.o
configure:16333: g++ -o conftest -g -O2 -DNDEBUG   -DNDEBUG -Wall -Wcast-align -Wcast-qual -Wpointer-arith -Wreturn-type   -L/usr/libexec conftest.o -lboost_unit_test_framework-gcc-1_46_1 -luuid  >&5
/usr/bin/ld: cannot find -lboost_unit_test_framework-gcc-1_46_1
collect2: ld returned 1 exit status
configure:16342: $? = 1
configure:16327: re-using the existing conftest.o
configure:16333: g++ -o conftest -g -O2 -DNDEBUG   -DNDEBUG -Wall -Wcast-align -Wcast-qual -Wpointer-arith -Wreturn-type   -L/lib conftest.o -lboost_unit_test_framework-gcc-1_46_1 -luuid  >&5
/usr/bin/ld: cannot find -lboost_unit_test_framework-gcc-1_46_1
collect2: ld returned 1 exit status
configure:16342: $? = 1
configure:16327: re-using the existing conftest.o
configure:16333: g++ -o conftest -g -O2 -DNDEBUG   -DNDEBUG -Wall -Wcast-align -Wcast-qual -Wpointer-arith -Wreturn-type   -L/lib64 conftest.o -lboost_unit_test_framework-gcc-1_46_1 -luuid  >&5
/usr/bin/ld: cannot find -lboost_unit_test_framework-gcc-1_46_1
collect2: ld returned 1 exit status
configure:16342: $? = 1
configure:16327: re-using the existing conftest.o
configure:16333: g++ -o conftest -g -O2 -DNDEBUG   -DNDEBUG -Wall -Wcast-align -Wcast-qual -Wpointer-arith -Wreturn-type   -L/usr/local/lib conftest.o -lboost_unit_test_framework-gcc-mt-d-1_46_1 -luuid  >&5
/usr/bin/ld: cannot find -lboost_unit_test_framework-gcc-mt-d-1_46_1
collect2: ld returned 1 exit status
configure:16342: $? = 1
configure:16327: re-using the existing conftest.o
configure:16333: g++ -o conftest -g -O2 -DNDEBUG   -DNDEBUG -Wall -Wcast-align -Wcast-qual -Wpointer-arith -Wreturn-type   -L/opt/lib32 conftest.o -lboost_unit_test_framework-gcc-mt-d-1_46_1 -luuid  >&5
/usr/bin/ld: cannot find -lboost_unit_test_framework-gcc-mt-d-1_46_1
collect2: ld returned 1 exit status
configure:16342: $? = 1
configure:16327: re-using the existing conftest.o
configure:16333: g++ -o conftest -g -O2 -DNDEBUG   -DNDEBUG -Wall -Wcast-align -Wcast-qual -Wpointer-arith -Wreturn-type   -L/usr/lib conftest.o -lboost_unit_test_framework-gcc-mt-d-1_46_1 -luuid  >&5
/usr/bin/ld: cannot find -lboost_unit_test_framework-gcc-mt-d-1_46_1
collect2: ld returned 1 exit status
configure:16342: $? = 1
configure:16327: re-using the existing conftest.o
configure:16333: g++ -o conftest -g -O2 -DNDEBUG   -DNDEBUG -Wall -Wcast-align -Wcast-qual -Wpointer-arith -Wreturn-type   -L/usr/lib32 conftest.o -lboost_unit_test_framework-gcc-mt-d-1_46_1 -luuid  >&5
/usr/bin/ld: cannot find -lboost_unit_test_framework-gcc-mt-d-1_46_1
/usr/bin/ld: skipping incompatible /usr/lib32/libuuid.so when searching for -luuid
/usr/bin/ld: skipping incompatible /usr/lib32/libuuid.a when searching for -luuid
/usr/bin/ld: skipping incompatible /usr/lib32/libstdc++.so when searching for -lstdc++
/usr/bin/ld: skipping incompatible /usr/lib32/libm.so when searching for -lm
/usr/bin/ld: skipping incompatible /usr/lib32/libm.a when searching for -lm
/usr/bin/ld: skipping incompatible /usr/lib32/libgcc_s.so when searching for -lgcc_s
/usr/bin/ld: skipping incompatible /usr/lib32/libc.so when searching for -lc
/usr/bin/ld: skipping incompatible /usr/lib32/libc.a when searching for -lc
collect2: ld returned 1 exit status
configure:16342: $? = 1
configure:16327: re-using the existing conftest.o
configure:16333: g++ -o conftest -g -O2 -DNDEBUG   -DNDEBUG -Wall -Wcast-align -Wcast-qual -Wpointer-arith -Wreturn-type   -L/usr/lib64 conftest.o -lboost_unit_test_framework-gcc-mt-d-1_46_1 -luuid  >&5
/usr/bin/ld: cannot find -lboost_unit_test_framework-gcc-mt-d-1_46_1
collect2: ld returned 1 exit status
configure:16342: $? = 1
configure:16327: re-using the existing conftest.o
configure:16333: g++ -o conftest -g -O2 -DNDEBUG   -DNDEBUG -Wall -Wcast-align -Wcast-qual -Wpointer-arith -Wreturn-type   -L/usr/libexec conftest.o -lboost_unit_test_framework-gcc-mt-d-1_46_1 -luuid  >&5
/usr/bin/ld: cannot find -lboost_unit_test_framework-gcc-mt-d-1_46_1
collect2: ld returned 1 exit status
configure:16342: $? = 1
configure:16327: re-using the existing conftest.o
configure:16333: g++ -o conftest -g -O2 -DNDEBUG   -DNDEBUG -Wall -Wcast-align -Wcast-qual -Wpointer-arith -Wreturn-type   -L/lib conftest.o -lboost_unit_test_framework-gcc-mt-d-1_46_1 -luuid  >&5
/usr/bin/ld: cannot find -lboost_unit_test_framework-gcc-mt-d-1_46_1
collect2: ld returned 1 exit status
configure:16342: $? = 1
configure:16327: re-using the existing conftest.o
configure:16333: g++ -o conftest -g -O2 -DNDEBUG   -DNDEBUG -Wall -Wcast-align -Wcast-qual -Wpointer-arith -Wreturn-type   -L/lib64 conftest.o -lboost_unit_test_framework-gcc-mt-d-1_46_1 -luuid  >&5
/usr/bin/ld: cannot find -lboost_unit_test_framework-gcc-mt-d-1_46_1
collect2: ld returned 1 exit status
configure:16342: $? = 1
configure:16327: re-using the existing conftest.o
configure:16333: g++ -o conftest -g -O2 -DNDEBUG   -DNDEBUG -Wall -Wcast-align -Wcast-qual -Wpointer-arith -Wreturn-type   -L/usr/local/lib conftest.o -lboost_unit_test_framework-gcc-d-1_46_1 -luuid  >&5
/usr/bin/ld: cannot find -lboost_unit_test_framework-gcc-d-1_46_1
collect2: ld returned 1 exit status
configure:16342: $? = 1
configure:16327: re-using the existing conftest.o
configure:16333: g++ -o conftest -g -O2 -DNDEBUG   -DNDEBUG -Wall -Wcast-align -Wcast-qual -Wpointer-arith -Wreturn-type   -L/opt/lib32 conftest.o -lboost_unit_test_framework-gcc-d-1_46_1 -luuid  >&5
/usr/bin/ld: cannot find -lboost_unit_test_framework-gcc-d-1_46_1
collect2: ld returned 1 exit status
configure:16342: $? = 1
configure:16327: re-using the existing conftest.o
configure:16333: g++ -o conftest -g -O2 -DNDEBUG   -DNDEBUG -Wall -Wcast-align -Wcast-qual -Wpointer-arith -Wreturn-type   -L/usr/lib conftest.o -lboost_unit_test_framework-gcc-d-1_46_1 -luuid  >&5
/usr/bin/ld: cannot find -lboost_unit_test_framework-gcc-d-1_46_1
collect2: ld returned 1 exit status
configure:16342: $? = 1
configure:16327: re-using the existing conftest.o
configure:16333: g++ -o conftest -g -O2 -DNDEBUG   -DNDEBUG -Wall -Wcast-align -Wcast-qual -Wpointer-arith -Wreturn-type   -L/usr/lib32 conftest.o -lboost_unit_test_framework-gcc-d-1_46_1 -luuid  >&5
/usr/bin/ld: cannot find -lboost_unit_test_framework-gcc-d-1_46_1
/usr/bin/ld: skipping incompatible /usr/lib32/libuuid.so when searching for -luuid
/usr/bin/ld: skipping incompatible /usr/lib32/libuuid.a when searching for -luuid
/usr/bin/ld: skipping incompatible /usr/lib32/libstdc++.so when searching for -lstdc++
/usr/bin/ld: skipping incompatible /usr/lib32/libm.so when searching for -lm
/usr/bin/ld: skipping incompatible /usr/lib32/libm.a when searching for -lm
/usr/bin/ld: skipping incompatible /usr/lib32/libgcc_s.so when searching for -lgcc_s
/usr/bin/ld: skipping incompatible /usr/lib32/libc.so when searching for -lc
/usr/bin/ld: skipping incompatible /usr/lib32/libc.a when searching for -lc
collect2: ld returned 1 exit status
configure:16342: $? = 1
configure:16327: re-using the existing conftest.o
configure:16333: g++ -o conftest -g -O2 -DNDEBUG   -DNDEBUG -Wall -Wcast-align -Wcast-qual -Wpointer-arith -Wreturn-type   -L/usr/lib64 conftest.o -lboost_unit_test_framework-gcc-d-1_46_1 -luuid  >&5
/usr/bin/ld: cannot find -lboost_unit_test_framework-gcc-d-1_46_1
collect2: ld returned 1 exit status
configure:16342: $? = 1
configure:16327: re-using the existing conftest.o
configure:16333: g++ -o conftest -g -O2 -DNDEBUG   -DNDEBUG -Wall -Wcast-align -Wcast-qual -Wpointer-arith -Wreturn-type   -L/usr/libexec conftest.o -lboost_unit_test_framework-gcc-d-1_46_1 -luuid  >&5
/usr/bin/ld: cannot find -lboost_unit_test_framework-gcc-d-1_46_1
collect2: ld returned 1 exit status
configure:16342: $? = 1
configure:16327: re-using the existing conftest.o
configure:16333: g++ -o conftest -g -O2 -DNDEBUG   -DNDEBUG -Wall -Wcast-align -Wcast-qual -Wpointer-arith -Wreturn-type   -L/lib conftest.o -lboost_unit_test_framework-gcc-d-1_46_1 -luuid  >&5
/usr/bin/ld: cannot find -lboost_unit_test_framework-gcc-d-1_46_1
collect2: ld returned 1 exit status
configure:16342: $? = 1
configure:16327: re-using the existing conftest.o
configure:16333: g++ -o conftest -g -O2 -DNDEBUG   -DNDEBUG -Wall -Wcast-align -Wcast-qual -Wpointer-arith -Wreturn-type   -L/lib64 conftest.o -lboost_unit_test_framework-gcc-d-1_46_1 -luuid  >&5
/usr/bin/ld: cannot find -lboost_unit_test_framework-gcc-d-1_46_1
collect2: ld returned 1 exit status
configure:16342: $? = 1
configure:16327: re-using the existing conftest.o
configure:16333: g++ -o conftest -g -O2 -DNDEBUG   -DNDEBUG -Wall -Wcast-align -Wcast-qual -Wpointer-arith -Wreturn-type   -L/usr/local/lib conftest.o -lboost_unit_test_framework-gcc-mt -luuid  >&5
/usr/bin/ld: cannot find -lboost_unit_test_framework-gcc-mt
collect2: ld returned 1 exit status
configure:16342: $? = 1
configure:16327: re-using the existing conftest.o
configure:16333: g++ -o conftest -g -O2 -DNDEBUG   -DNDEBUG -Wall -Wcast-align -Wcast-qual -Wpointer-arith -Wreturn-type   -L/opt/lib32 conftest.o -lboost_unit_test_framework-gcc-mt -luuid  >&5
/usr/bin/ld: cannot find -lboost_unit_test_framework-gcc-mt
collect2: ld returned 1 exit status
configure:16342: $? = 1
configure:16327: re-using the existing conftest.o
configure:16333: g++ -o conftest -g -O2 -DNDEBUG   -DNDEBUG -Wall -Wcast-align -Wcast-qual -Wpointer-arith -Wreturn-type   -L/usr/lib conftest.o -lboost_unit_test_framework-gcc-mt -luuid  >&5
/usr/bin/ld: cannot find -lboost_unit_test_framework-gcc-mt
collect2: ld returned 1 exit status
configure:16342: $? = 1
configure:16327: re-using the existing conftest.o
configure:16333: g++ -o conftest -g -O2 -DNDEBUG   -DNDEBUG -Wall -Wcast-align -Wcast-qual -Wpointer-arith -Wreturn-type   -L/usr/lib32 conftest.o -lboost_unit_test_framework-gcc-mt -luuid  >&5
/usr/bin/ld: cannot find -lboost_unit_test_framework-gcc-mt
/usr/bin/ld: skipping incompatible /usr/lib32/libuuid.so when searching for -luuid
/usr/bin/ld: skipping incompatible /usr/lib32/libuuid.a when searching for -luuid
/usr/bin/ld: skipping incompatible /usr/lib32/libstdc++.so when searching for -lstdc++
/usr/bin/ld: skipping incompatible /usr/lib32/libm.so when searching for -lm
/usr/bin/ld: skipping incompatible /usr/lib32/libm.a when searching for -lm
/usr/bin/ld: skipping incompatible /usr/lib32/libgcc_s.so when searching for -lgcc_s
/usr/bin/ld: skipping incompatible /usr/lib32/libc.so when searching for -lc
/usr/bin/ld: skipping incompatible /usr/lib32/libc.a when searching for -lc
collect2: ld returned 1 exit status
configure:16342: $? = 1
configure:16327: re-using the existing conftest.o
configure:16333: g++ -o conftest -g -O2 -DNDEBUG   -DNDEBUG -Wall -Wcast-align -Wcast-qual -Wpointer-arith -Wreturn-type   -L/usr/lib64 conftest.o -lboost_unit_test_framework-gcc-mt -luuid  >&5
/usr/bin/ld: cannot find -lboost_unit_test_framework-gcc-mt
collect2: ld returned 1 exit status
configure:16342: $? = 1
configure:16327: re-using the existing conftest.o
configure:16333: g++ -o conftest -g -O2 -DNDEBUG   -DNDEBUG -Wall -Wcast-align -Wcast-qual -Wpointer-arith -Wreturn-type   -L/usr/libexec conftest.o -lboost_unit_test_framework-gcc-mt -luuid  >&5
/usr/bin/ld: cannot find -lboost_unit_test_framework-gcc-mt
collect2: ld returned 1 exit status
configure:16342: $? = 1
configure:16327: re-using the existing conftest.o
configure:16333: g++ -o conftest -g -O2 -DNDEBUG   -DNDEBUG -Wall -Wcast-align -Wcast-qual -Wpointer-arith -Wreturn-type   -L/lib conftest.o -lboost_unit_test_framework-gcc-mt -luuid  >&5
/usr/bin/ld: cannot find -lboost_unit_test_framework-gcc-mt
collect2: ld returned 1 exit status
configure:16342: $? = 1
configure:16327: re-using the existing conftest.o
configure:16333: g++ -o conftest -g -O2 -DNDEBUG   -DNDEBUG -Wall -Wcast-align -Wcast-qual -Wpointer-arith -Wreturn-type   -L/lib64 conftest.o -lboost_unit_test_framework-gcc-mt -luuid  >&5
/usr/bin/ld: cannot find -lboost_unit_test_framework-gcc-mt
collect2: ld returned 1 exit status
configure:16342: $? = 1
configure:16327: re-using the existing conftest.o
configure:16333: g++ -o conftest -g -O2 -DNDEBUG   -DNDEBUG -Wall -Wcast-align -Wcast-qual -Wpointer-arith -Wreturn-type   -L/usr/local/lib conftest.o -lboost_unit_test_framework-gcc -luuid  >&5
/usr/bin/ld: cannot find -lboost_unit_test_framework-gcc
collect2: ld returned 1 exit status
configure:16342: $? = 1
configure:16327: re-using the existing conftest.o
configure:16333: g++ -o conftest -g -O2 -DNDEBUG   -DNDEBUG -Wall -Wcast-align -Wcast-qual -Wpointer-arith -Wreturn-type   -L/opt/lib32 conftest.o -lboost_unit_test_framework-gcc -luuid  >&5
/usr/bin/ld: cannot find -lboost_unit_test_framework-gcc
collect2: ld returned 1 exit status
configure:16342: $? = 1
configure:16327: re-using the existing conftest.o
configure:16333: g++ -o conftest -g -O2 -DNDEBUG   -DNDEBUG -Wall -Wcast-align -Wcast-qual -Wpointer-arith -Wreturn-type   -L/usr/lib conftest.o -lboost_unit_test_framework-gcc -luuid  >&5
/usr/bin/ld: cannot find -lboost_unit_test_framework-gcc
collect2: ld returned 1 exit status
configure:16342: $? = 1
configure:16327: re-using the existing conftest.o
configure:16333: g++ -o conftest -g -O2 -DNDEBUG   -DNDEBUG -Wall -Wcast-align -Wcast-qual -Wpointer-arith -Wreturn-type   -L/usr/lib32 conftest.o -lboost_unit_test_framework-gcc -luuid  >&5
/usr/bin/ld: cannot find -lboost_unit_test_framework-gcc
/usr/bin/ld: skipping incompatible /usr/lib32/libuuid.so when searching for -luuid
/usr/bin/ld: skipping incompatible /usr/lib32/libuuid.a when searching for -luuid
/usr/bin/ld: skipping incompatible /usr/lib32/libstdc++.so when searching for -lstdc++
/usr/bin/ld: skipping incompatible /usr/lib32/libm.so when searching for -lm
/usr/bin/ld: skipping incompatible /usr/lib32/libm.a when searching for -lm
/usr/bin/ld: skipping incompatible /usr/lib32/libgcc_s.so when searching for -lgcc_s
/usr/bin/ld: skipping incompatible /usr/lib32/libc.so when searching for -lc
/usr/bin/ld: skipping incompatible /usr/lib32/libc.a when searching for -lc
collect2: ld returned 1 exit status
configure:16342: $? = 1
configure:16327: re-using the existing conftest.o
configure:16333: g++ -o conftest -g -O2 -DNDEBUG   -DNDEBUG -Wall -Wcast-align -Wcast-qual -Wpointer-arith -Wreturn-type   -L/usr/lib64 conftest.o -lboost_unit_test_framework-gcc -luuid  >&5
/usr/bin/ld: cannot find -lboost_unit_test_framework-gcc
collect2: ld returned 1 exit status
configure:16342: $? = 1
configure:16327: re-using the existing conftest.o
configure:16333: g++ -o conftest -g -O2 -DNDEBUG   -DNDEBUG -Wall -Wcast-align -Wcast-qual -Wpointer-arith -Wreturn-type   -L/usr/libexec conftest.o -lboost_unit_test_framework-gcc -luuid  >&5
/usr/bin/ld: cannot find -lboost_unit_test_framework-gcc
collect2: ld returned 1 exit status
configure:16342: $? = 1
configure:16327: re-using the existing conftest.o
configure:16333: g++ -o conftest -g -O2 -DNDEBUG   -DNDEBUG -Wall -Wcast-align -Wcast-qual -Wpointer-arith -Wreturn-type   -L/lib conftest.o -lboost_unit_test_framework-gcc -luuid  >&5
/usr/bin/ld: cannot find -lboost_unit_test_framework-gcc
collect2: ld returned 1 exit status
configure:16342: $? = 1
configure:16327: re-using the existing conftest.o
configure:16333: g++ -o conftest -g -O2 -DNDEBUG   -DNDEBUG -Wall -Wcast-align -Wcast-qual -Wpointer-arith -Wreturn-type   -L/lib64 conftest.o -lboost_unit_test_framework-gcc -luuid  >&5
/usr/bin/ld: cannot find -lboost_unit_test_framework-gcc
collect2: ld returned 1 exit status
configure:16342: $? = 1
configure:16327: re-using the existing conftest.o
configure:16333: g++ -o conftest -g -O2 -DNDEBUG   -DNDEBUG -Wall -Wcast-align -Wcast-qual -Wpointer-arith -Wreturn-type   -L/usr/local/lib conftest.o -lboost_unit_test_framework-gcc-mt-d -luuid  >&5
/usr/bin/ld: cannot find -lboost_unit_test_framework-gcc-mt-d
collect2: ld returned 1 exit status
configure:16342: $? = 1
configure:16327: re-using the existing conftest.o
configure:16333: g++ -o conftest -g -O2 -DNDEBUG   -DNDEBUG -Wall -Wcast-align -Wcast-qual -Wpointer-arith -Wreturn-type   -L/opt/lib32 conftest.o -lboost_unit_test_framework-gcc-mt-d -luuid  >&5
/usr/bin/ld: cannot find -lboost_unit_test_framework-gcc-mt-d
collect2: ld returned 1 exit status
configure:16342: $? = 1
configure:16327: re-using the existing conftest.o
configure:16333: g++ -o conftest -g -O2 -DNDEBUG   -DNDEBUG -Wall -Wcast-align -Wcast-qual -Wpointer-arith -Wreturn-type   -L/usr/lib conftest.o -lboost_unit_test_framework-gcc-mt-d -luuid  >&5
/usr/bin/ld: cannot find -lboost_unit_test_framework-gcc-mt-d
collect2: ld returned 1 exit status
configure:16342: $? = 1
configure:16327: re-using the existing conftest.o
configure:16333: g++ -o conftest -g -O2 -DNDEBUG   -DNDEBUG -Wall -Wcast-align -Wcast-qual -Wpointer-arith -Wreturn-type   -L/usr/lib32 conftest.o -lboost_unit_test_framework-gcc-mt-d -luuid  >&5
/usr/bin/ld: cannot find -lboost_unit_test_framework-gcc-mt-d
/usr/bin/ld: skipping incompatible /usr/lib32/libuuid.so when searching for -luuid
/usr/bin/ld: skipping incompatible /usr/lib32/libuuid.a when searching for -luuid
/usr/bin/ld: skipping incompatible /usr/lib32/libstdc++.so when searching for -lstdc++
/usr/bin/ld: skipping incompatible /usr/lib32/libm.so when searching for -lm
/usr/bin/ld: skipping incompatible /usr/lib32/libm.a when searching for -lm
/usr/bin/ld: skipping incompatible /usr/lib32/libgcc_s.so when searching for -lgcc_s
/usr/bin/ld: skipping incompatible /usr/lib32/libc.so when searching for -lc
/usr/bin/ld: skipping incompatible /usr/lib32/libc.a when searching for -lc
collect2: ld returned 1 exit status
configure:16342: $? = 1
configure:16327: re-using the existing conftest.o
configure:16333: g++ -o conftest -g -O2 -DNDEBUG   -DNDEBUG -Wall -Wcast-align -Wcast-qual -Wpointer-arith -Wreturn-type   -L/usr/lib64 conftest.o -lboost_unit_test_framework-gcc-mt-d -luuid  >&5
/usr/bin/ld: cannot find -lboost_unit_test_framework-gcc-mt-d
collect2: ld returned 1 exit status
configure:16342: $? = 1
configure:16327: re-using the existing conftest.o
configure:16333: g++ -o conftest -g -O2 -DNDEBUG   -DNDEBUG -Wall -Wcast-align -Wcast-qual -Wpointer-arith -Wreturn-type   -L/usr/libexec conftest.o -lboost_unit_test_framework-gcc-mt-d -luuid  >&5
/usr/bin/ld: cannot find -lboost_unit_test_framework-gcc-mt-d
collect2: ld returned 1 exit status
configure:16342: $? = 1
configure:16327: re-using the existing conftest.o
configure:16333: g++ -o conftest -g -O2 -DNDEBUG   -DNDEBUG -Wall -Wcast-align -Wcast-qual -Wpointer-arith -Wreturn-type   -L/lib conftest.o -lboost_unit_test_framework-gcc-mt-d -luuid  >&5
/usr/bin/ld: cannot find -lboost_unit_test_framework-gcc-mt-d
collect2: ld returned 1 exit status
configure:16342: $? = 1
configure:16327: re-using the existing conftest.o
configure:16333: g++ -o conftest -g -O2 -DNDEBUG   -DNDEBUG -Wall -Wcast-align -Wcast-qual -Wpointer-arith -Wreturn-type   -L/lib64 conftest.o -lboost_unit_test_framework-gcc-mt-d -luuid  >&5
/usr/bin/ld: cannot find -lboost_unit_test_framework-gcc-mt-d
collect2: ld returned 1 exit status
configure:16342: $? = 1
configure:16327: re-using the existing conftest.o
configure:16333: g++ -o conftest -g -O2 -DNDEBUG   -DNDEBUG -Wall -Wcast-align -Wcast-qual -Wpointer-arith -Wreturn-type   -L/usr/local/lib conftest.o -lboost_unit_test_framework-gcc-d -luuid  >&5
/usr/bin/ld: cannot find -lboost_unit_test_framework-gcc-d
collect2: ld returned 1 exit status
configure:16342: $? = 1
configure:16327: re-using the existing conftest.o
configure:16333: g++ -o conftest -g -O2 -DNDEBUG   -DNDEBUG -Wall -Wcast-align -Wcast-qual -Wpointer-arith -Wreturn-type   -L/opt/lib32 conftest.o -lboost_unit_test_framework-gcc-d -luuid  >&5
/usr/bin/ld: cannot find -lboost_unit_test_framework-gcc-d
collect2: ld returned 1 exit status
configure:16342: $? = 1
configure:16327: re-using the existing conftest.o
configure:16333: g++ -o conftest -g -O2 -DNDEBUG   -DNDEBUG -Wall -Wcast-align -Wcast-qual -Wpointer-arith -Wreturn-type   -L/usr/lib conftest.o -lboost_unit_test_framework-gcc-d -luuid  >&5
/usr/bin/ld: cannot find -lboost_unit_test_framework-gcc-d
collect2: ld returned 1 exit status
configure:16342: $? = 1
configure:16327: re-using the existing conftest.o
configure:16333: g++ -o conftest -g -O2 -DNDEBUG   -DNDEBUG -Wall -Wcast-align -Wcast-qual -Wpointer-arith -Wreturn-type   -L/usr/lib32 conftest.o -lboost_unit_test_framework-gcc-d -luuid  >&5
/usr/bin/ld: cannot find -lboost_unit_test_framework-gcc-d
/usr/bin/ld: skipping incompatible /usr/lib32/libuuid.so when searching for -luuid
/usr/bin/ld: skipping incompatible /usr/lib32/libuuid.a when searching for -luuid
/usr/bin/ld: skipping incompatible /usr/lib32/libstdc++.so when searching for -lstdc++
/usr/bin/ld: skipping incompatible /usr/lib32/libm.so when searching for -lm
/usr/bin/ld: skipping incompatible /usr/lib32/libm.a when searching for -lm
/usr/bin/ld: skipping incompatible /usr/lib32/libgcc_s.so when searching for -lgcc_s
/usr/bin/ld: skipping incompatible /usr/lib32/libc.so when searching for -lc
/usr/bin/ld: skipping incompatible /usr/lib32/libc.a when searching for -lc
collect2: ld returned 1 exit status
configure:16342: $? = 1
configure:16327: re-using the existing conftest.o
configure:16333: g++ -o conftest -g -O2 -DNDEBUG   -DNDEBUG -Wall -Wcast-align -Wcast-qual -Wpointer-arith -Wreturn-type   -L/usr/lib64 conftest.o -lboost_unit_test_framework-gcc-d -luuid  >&5
/usr/bin/ld: cannot find -lboost_unit_test_framework-gcc-d
collect2: ld returned 1 exit status
configure:16342: $? = 1
configure:16327: re-using the existing conftest.o
configure:16333: g++ -o conftest -g -O2 -DNDEBUG   -DNDEBUG -Wall -Wcast-align -Wcast-qual -Wpointer-arith -Wreturn-type   -L/usr/libexec conftest.o -lboost_unit_test_framework-gcc-d -luuid  >&5
/usr/bin/ld: cannot find -lboost_unit_test_framework-gcc-d
collect2: ld returned 1 exit status
configure:16342: $? = 1
configure:16327: re-using the existing conftest.o
configure:16333: g++ -o conftest -g -O2 -DNDEBUG   -DNDEBUG -Wall -Wcast-align -Wcast-qual -Wpointer-arith -Wreturn-type   -L/lib conftest.o -lboost_unit_test_framework-gcc-d -luuid  >&5
/usr/bin/ld: cannot find -lboost_unit_test_framework-gcc-d
collect2: ld returned 1 exit status
configure:16342: $? = 1
configure:16327: re-using the existing conftest.o
configure:16333: g++ -o conftest -g -O2 -DNDEBUG   -DNDEBUG -Wall -Wcast-align -Wcast-qual -Wpointer-arith -Wreturn-type   -L/lib64 conftest.o -lboost_unit_test_framework-gcc-d -luuid  >&5
/usr/bin/ld: cannot find -lboost_unit_test_framework-gcc-d
collect2: ld returned 1 exit status
configure:16342: $? = 1
configure:16327: re-using the existing conftest.o
configure:16333: g++ -o conftest -g -O2 -DNDEBUG   -DNDEBUG -Wall -Wcast-align -Wcast-qual -Wpointer-arith -Wreturn-type   -L/usr/local/lib conftest.o -lboost_unit_test_framework-mt-1_46_1 -luuid  >&5
/usr/bin/ld: cannot find -lboost_unit_test_framework-mt-1_46_1
collect2: ld returned 1 exit status
configure:16342: $? = 1
configure:16327: re-using the existing conftest.o
configure:16333: g++ -o conftest -g -O2 -DNDEBUG   -DNDEBUG -Wall -Wcast-align -Wcast-qual -Wpointer-arith -Wreturn-type   -L/opt/lib32 conftest.o -lboost_unit_test_framework-mt-1_46_1 -luuid  >&5
/usr/bin/ld: cannot find -lboost_unit_test_framework-mt-1_46_1
collect2: ld returned 1 exit status
configure:16342: $? = 1
configure:16327: re-using the existing conftest.o
configure:16333: g++ -o conftest -g -O2 -DNDEBUG   -DNDEBUG -Wall -Wcast-align -Wcast-qual -Wpointer-arith -Wreturn-type   -L/usr/lib conftest.o -lboost_unit_test_framework-mt-1_46_1 -luuid  >&5
/usr/bin/ld: cannot find -lboost_unit_test_framework-mt-1_46_1
collect2: ld returned 1 exit status
configure:16342: $? = 1
configure:16327: re-using the existing conftest.o
configure:16333: g++ -o conftest -g -O2 -DNDEBUG   -DNDEBUG -Wall -Wcast-align -Wcast-qual -Wpointer-arith -Wreturn-type   -L/usr/lib32 conftest.o -lboost_unit_test_framework-mt-1_46_1 -luuid  >&5
/usr/bin/ld: cannot find -lboost_unit_test_framework-mt-1_46_1
/usr/bin/ld: skipping incompatible /usr/lib32/libuuid.so when searching for -luuid
/usr/bin/ld: skipping incompatible /usr/lib32/libuuid.a when searching for -luuid
/usr/bin/ld: skipping incompatible /usr/lib32/libstdc++.so when searching for -lstdc++
/usr/bin/ld: skipping incompatible /usr/lib32/libm.so when searching for -lm
/usr/bin/ld: skipping incompatible /usr/lib32/libm.a when searching for -lm
/usr/bin/ld: skipping incompatible /usr/lib32/libgcc_s.so when searching for -lgcc_s
/usr/bin/ld: skipping incompatible /usr/lib32/libc.so when searching for -lc
/usr/bin/ld: skipping incompatible /usr/lib32/libc.a when searching for -lc
collect2: ld returned 1 exit status
configure:16342: $? = 1
configure:16327: re-using the existing conftest.o
configure:16333: g++ -o conftest -g -O2 -DNDEBUG   -DNDEBUG -Wall -Wcast-align -Wcast-qual -Wpointer-arith -Wreturn-type   -L/usr/lib64 conftest.o -lboost_unit_test_framework-mt-1_46_1 -luuid  >&5
/usr/bin/ld: cannot find -lboost_unit_test_framework-mt-1_46_1
collect2: ld returned 1 exit status
configure:16342: $? = 1
configure:16327: re-using the existing conftest.o
configure:16333: g++ -o conftest -g -O2 -DNDEBUG   -DNDEBUG -Wall -Wcast-align -Wcast-qual -Wpointer-arith -Wreturn-type   -L/usr/libexec conftest.o -lboost_unit_test_framework-mt-1_46_1 -luuid  >&5
/usr/bin/ld: cannot find -lboost_unit_test_framework-mt-1_46_1
collect2: ld returned 1 exit status
configure:16342: $? = 1
configure:16327: re-using the existing conftest.o
configure:16333: g++ -o conftest -g -O2 -DNDEBUG   -DNDEBUG -Wall -Wcast-align -Wcast-qual -Wpointer-arith -Wreturn-type   -L/lib conftest.o -lboost_unit_test_framework-mt-1_46_1 -luuid  >&5
/usr/bin/ld: cannot find -lboost_unit_test_framework-mt-1_46_1
collect2: ld returned 1 exit status
configure:16342: $? = 1
configure:16327: re-using the existing conftest.o
configure:16333: g++ -o conftest -g -O2 -DNDEBUG   -DNDEBUG -Wall -Wcast-align -Wcast-qual -Wpointer-arith -Wreturn-type   -L/lib64 conftest.o -lboost_unit_test_framework-mt-1_46_1 -luuid  >&5
/usr/bin/ld: cannot find -lboost_unit_test_framework-mt-1_46_1
collect2: ld returned 1 exit status
configure:16342: $? = 1
configure:16327: re-using the existing conftest.o
configure:16333: g++ -o conftest -g -O2 -DNDEBUG   -DNDEBUG -Wall -Wcast-align -Wcast-qual -Wpointer-arith -Wreturn-type   -L/usr/local/lib conftest.o -lboost_unit_test_framework-1_46_1 -luuid  >&5
/usr/bin/ld: cannot find -lboost_unit_test_framework-1_46_1
collect2: ld returned 1 exit status
configure:16342: $? = 1
configure:16327: re-using the existing conftest.o
configure:16333: g++ -o conftest -g -O2 -DNDEBUG   -DNDEBUG -Wall -Wcast-align -Wcast-qual -Wpointer-arith -Wreturn-type   -L/opt/lib32 conftest.o -lboost_unit_test_framework-1_46_1 -luuid  >&5
/usr/bin/ld: cannot find -lboost_unit_test_framework-1_46_1
collect2: ld returned 1 exit status
configure:16342: $? = 1
configure:16327: re-using the existing conftest.o
configure:16333: g++ -o conftest -g -O2 -DNDEBUG   -DNDEBUG -Wall -Wcast-align -Wcast-qual -Wpointer-arith -Wreturn-type   -L/usr/lib conftest.o -lboost_unit_test_framework-1_46_1 -luuid  >&5
/usr/bin/ld: cannot find -lboost_unit_test_framework-1_46_1
collect2: ld returned 1 exit status
configure:16342: $? = 1
configure:16327: re-using the existing conftest.o
configure:16333: g++ -o conftest -g -O2 -DNDEBUG   -DNDEBUG -Wall -Wcast-align -Wcast-qual -Wpointer-arith -Wreturn-type   -L/usr/lib32 conftest.o -lboost_unit_test_framework-1_46_1 -luuid  >&5
/usr/bin/ld: cannot find -lboost_unit_test_framework-1_46_1
/usr/bin/ld: skipping incompatible /usr/lib32/libuuid.so when searching for -luuid
/usr/bin/ld: skipping incompatible /usr/lib32/libuuid.a when searching for -luuid
/usr/bin/ld: skipping incompatible /usr/lib32/libstdc++.so when searching for -lstdc++
/usr/bin/ld: skipping incompatible /usr/lib32/libm.so when searching for -lm
/usr/bin/ld: skipping incompatible /usr/lib32/libm.a when searching for -lm
/usr/bin/ld: skipping incompatible /usr/lib32/libgcc_s.so when searching for -lgcc_s
/usr/bin/ld: skipping incompatible /usr/lib32/libc.so when searching for -lc
/usr/bin/ld: skipping incompatible /usr/lib32/libc.a when searching for -lc
collect2: ld returned 1 exit status
configure:16342: $? = 1
configure:16327: re-using the existing conftest.o
configure:16333: g++ -o conftest -g -O2 -DNDEBUG   -DNDEBUG -Wall -Wcast-align -Wcast-qual -Wpointer-arith -Wreturn-type   -L/usr/lib64 conftest.o -lboost_unit_test_framework-1_46_1 -luuid  >&5
/usr/bin/ld: cannot find -lboost_unit_test_framework-1_46_1
collect2: ld returned 1 exit status
configure:16342: $? = 1
configure:16327: re-using the existing conftest.o
configure:16333: g++ -o conftest -g -O2 -DNDEBUG   -DNDEBUG -Wall -Wcast-align -Wcast-qual -Wpointer-arith -Wreturn-type   -L/usr/libexec conftest.o -lboost_unit_test_framework-1_46_1 -luuid  >&5
/usr/bin/ld: cannot find -lboost_unit_test_framework-1_46_1
collect2: ld returned 1 exit status
configure:16342: $? = 1
configure:16327: re-using the existing conftest.o
configure:16333: g++ -o conftest -g -O2 -DNDEBUG   -DNDEBUG -Wall -Wcast-align -Wcast-qual -Wpointer-arith -Wreturn-type   -L/lib conftest.o -lboost_unit_test_framework-1_46_1 -luuid  >&5
/usr/bin/ld: cannot find -lboost_unit_test_framework-1_46_1
collect2: ld returned 1 exit status
configure:16342: $? = 1
configure:16327: re-using the existing conftest.o
configure:16333: g++ -o conftest -g -O2 -DNDEBUG   -DNDEBUG -Wall -Wcast-align -Wcast-qual -Wpointer-arith -Wreturn-type   -L/lib64 conftest.o -lboost_unit_test_framework-1_46_1 -luuid  >&5
/usr/bin/ld: cannot find -lboost_unit_test_framework-1_46_1
collect2: ld returned 1 exit status
configure:16342: $? = 1
configure:16327: re-using the existing conftest.o
configure:16333: g++ -o conftest -g -O2 -DNDEBUG   -DNDEBUG -Wall -Wcast-align -Wcast-qual -Wpointer-arith -Wreturn-type   -L/usr/local/lib conftest.o -lboost_unit_test_framework-mt-d-1_46_1 -luuid  >&5
/usr/bin/ld: cannot find -lboost_unit_test_framework-mt-d-1_46_1
collect2: ld returned 1 exit status
configure:16342: $? = 1
configure:16327: re-using the existing conftest.o
configure:16333: g++ -o conftest -g -O2 -DNDEBUG   -DNDEBUG -Wall -Wcast-align -Wcast-qual -Wpointer-arith -Wreturn-type   -L/opt/lib32 conftest.o -lboost_unit_test_framework-mt-d-1_46_1 -luuid  >&5
/usr/bin/ld: cannot find -lboost_unit_test_framework-mt-d-1_46_1
collect2: ld returned 1 exit status
configure:16342: $? = 1
configure:16327: re-using the existing conftest.o
configure:16333: g++ -o conftest -g -O2 -DNDEBUG   -DNDEBUG -Wall -Wcast-align -Wcast-qual -Wpointer-arith -Wreturn-type   -L/usr/lib conftest.o -lboost_unit_test_framework-mt-d-1_46_1 -luuid  >&5
/usr/bin/ld: cannot find -lboost_unit_test_framework-mt-d-1_46_1
collect2: ld returned 1 exit status
configure:16342: $? = 1
configure:16327: re-using the existing conftest.o
configure:16333: g++ -o conftest -g -O2 -DNDEBUG   -DNDEBUG -Wall -Wcast-align -Wcast-qual -Wpointer-arith -Wreturn-type   -L/usr/lib32 conftest.o -lboost_unit_test_framework-mt-d-1_46_1 -luuid  >&5
/usr/bin/ld: cannot find -lboost_unit_test_framework-mt-d-1_46_1
/usr/bin/ld: skipping incompatible /usr/lib32/libuuid.so when searching for -luuid
/usr/bin/ld: skipping incompatible /usr/lib32/libuuid.a when searching for -luuid
/usr/bin/ld: skipping incompatible /usr/lib32/libstdc++.so when searching for -lstdc++
/usr/bin/ld: skipping incompatible /usr/lib32/libm.so when searching for -lm
/usr/bin/ld: skipping incompatible /usr/lib32/libm.a when searching for -lm
/usr/bin/ld: skipping incompatible /usr/lib32/libgcc_s.so when searching for -lgcc_s
/usr/bin/ld: skipping incompatible /usr/lib32/libc.so when searching for -lc
/usr/bin/ld: skipping incompatible /usr/lib32/libc.a when searching for -lc
collect2: ld returned 1 exit status
configure:16342: $? = 1
configure:16327: re-using the existing conftest.o
configure:16333: g++ -o conftest -g -O2 -DNDEBUG   -DNDEBUG -Wall -Wcast-align -Wcast-qual -Wpointer-arith -Wreturn-type   -L/usr/lib64 conftest.o -lboost_unit_test_framework-mt-d-1_46_1 -luuid  >&5
/usr/bin/ld: cannot find -lboost_unit_test_framework-mt-d-1_46_1
collect2: ld returned 1 exit status
configure:16342: $? = 1
configure:16327: re-using the existing conftest.o
configure:16333: g++ -o conftest -g -O2 -DNDEBUG   -DNDEBUG -Wall -Wcast-align -Wcast-qual -Wpointer-arith -Wreturn-type   -L/usr/libexec conftest.o -lboost_unit_test_framework-mt-d-1_46_1 -luuid  >&5
/usr/bin/ld: cannot find -lboost_unit_test_framework-mt-d-1_46_1
collect2: ld returned 1 exit status
configure:16342: $? = 1
configure:16327: re-using the existing conftest.o
configure:16333: g++ -o conftest -g -O2 -DNDEBUG   -DNDEBUG -Wall -Wcast-align -Wcast-qual -Wpointer-arith -Wreturn-type   -L/lib conftest.o -lboost_unit_test_framework-mt-d-1_46_1 -luuid  >&5
/usr/bin/ld: cannot find -lboost_unit_test_framework-mt-d-1_46_1
collect2: ld returned 1 exit status
configure:16342: $? = 1
configure:16327: re-using the existing conftest.o
configure:16333: g++ -o conftest -g -O2 -DNDEBUG   -DNDEBUG -Wall -Wcast-align -Wcast-qual -Wpointer-arith -Wreturn-type   -L/lib64 conftest.o -lboost_unit_test_framework-mt-d-1_46_1 -luuid  >&5
/usr/bin/ld: cannot find -lboost_unit_test_framework-mt-d-1_46_1
collect2: ld returned 1 exit status
configure:16342: $? = 1
configure:16327: re-using the existing conftest.o
configure:16333: g++ -o conftest -g -O2 -DNDEBUG   -DNDEBUG -Wall -Wcast-align -Wcast-qual -Wpointer-arith -Wreturn-type   -L/usr/local/lib conftest.o -lboost_unit_test_framework-d-1_46_1 -luuid  >&5
/usr/bin/ld: cannot find -lboost_unit_test_framework-d-1_46_1
collect2: ld returned 1 exit status
configure:16342: $? = 1
configure:16327: re-using the existing conftest.o
configure:16333: g++ -o conftest -g -O2 -DNDEBUG   -DNDEBUG -Wall -Wcast-align -Wcast-qual -Wpointer-arith -Wreturn-type   -L/opt/lib32 conftest.o -lboost_unit_test_framework-d-1_46_1 -luuid  >&5
/usr/bin/ld: cannot find -lboost_unit_test_framework-d-1_46_1
collect2: ld returned 1 exit status
configure:16342: $? = 1
configure:16327: re-using the existing conftest.o
configure:16333: g++ -o conftest -g -O2 -DNDEBUG   -DNDEBUG -Wall -Wcast-align -Wcast-qual -Wpointer-arith -Wreturn-type   -L/usr/lib conftest.o -lboost_unit_test_framework-d-1_46_1 -luuid  >&5
/usr/bin/ld: cannot find -lboost_unit_test_framework-d-1_46_1
collect2: ld returned 1 exit status
configure:16342: $? = 1
configure:16327: re-using the existing conftest.o
configure:16333: g++ -o conftest -g -O2 -DNDEBUG   -DNDEBUG -Wall -Wcast-align -Wcast-qual -Wpointer-arith -Wreturn-type   -L/usr/lib32 conftest.o -lboost_unit_test_framework-d-1_46_1 -luuid  >&5
/usr/bin/ld: cannot find -lboost_unit_test_framework-d-1_46_1
/usr/bin/ld: skipping incompatible /usr/lib32/libuuid.so when searching for -luuid
/usr/bin/ld: skipping incompatible /usr/lib32/libuuid.a when searching for -luuid
/usr/bin/ld: skipping incompatible /usr/lib32/libstdc++.so when searching for -lstdc++
/usr/bin/ld: skipping incompatible /usr/lib32/libm.so when searching for -lm
/usr/bin/ld: skipping incompatible /usr/lib32/libm.a when searching for -lm
/usr/bin/ld: skipping incompatible /usr/lib32/libgcc_s.so when searching for -lgcc_s
/usr/bin/ld: skipping incompatible /usr/lib32/libc.so when searching for -lc
/usr/bin/ld: skipping incompatible /usr/lib32/libc.a when searching for -lc
collect2: ld returned 1 exit status
configure:16342: $? = 1
configure:16327: re-using the existing conftest.o
configure:16333: g++ -o conftest -g -O2 -DNDEBUG   -DNDEBUG -Wall -Wcast-align -Wcast-qual -Wpointer-arith -Wreturn-type   -L/usr/lib64 conftest.o -lboost_unit_test_framework-d-1_46_1 -luuid  >&5
/usr/bin/ld: cannot find -lboost_unit_test_framework-d-1_46_1
collect2: ld returned 1 exit status
configure:16342: $? = 1
configure:16327: re-using the existing conftest.o
configure:16333: g++ -o conftest -g -O2 -DNDEBUG   -DNDEBUG -Wall -Wcast-align -Wcast-qual -Wpointer-arith -Wreturn-type   -L/usr/libexec conftest.o -lboost_unit_test_framework-d-1_46_1 -luuid  >&5
/usr/bin/ld: cannot find -lboost_unit_test_framework-d-1_46_1
collect2: ld returned 1 exit status
configure:16342: $? = 1
configure:16327: re-using the existing conftest.o
configure:16333: g++ -o conftest -g -O2 -DNDEBUG   -DNDEBUG -Wall -Wcast-align -Wcast-qual -Wpointer-arith -Wreturn-type   -L/lib conftest.o -lboost_unit_test_framework-d-1_46_1 -luuid  >&5
/usr/bin/ld: cannot find -lboost_unit_test_framework-d-1_46_1
collect2: ld returned 1 exit status
configure:16342: $? = 1
configure:16327: re-using the existing conftest.o
configure:16333: g++ -o conftest -g -O2 -DNDEBUG   -DNDEBUG -Wall -Wcast-align -Wcast-qual -Wpointer-arith -Wreturn-type   -L/lib64 conftest.o -lboost_unit_test_framework-d-1_46_1 -luuid  >&5
/usr/bin/ld: cannot find -lboost_unit_test_framework-d-1_46_1
collect2: ld returned 1 exit status
configure:16342: $? = 1
configure:16327: re-using the existing conftest.o
configure:16333: g++ -o conftest -g -O2 -DNDEBUG   -DNDEBUG -Wall -Wcast-align -Wcast-qual -Wpointer-arith -Wreturn-type   -L/usr/lib conftest.o /usr/lib/libboost_unit_test_framework.a -luuid  >&5
configure:16342: $? = 0
configure:16382: result: yes
configure:16405: checking tr1/memory usability
configure:16405: g++ -c -g -O2 -DNDEBUG   -DNDEBUG -Wall -Wcast-align -Wcast-qual -Wpointer-arith -Wreturn-type conftest.cpp >&5
configure:16405: $? = 0
configure:16405: result: yes
configure:16405: checking tr1/memory presence
configure:16405: g++ -E  -DNDEBUG -Wall -Wcast-align -Wcast-qual -Wpointer-arith -Wreturn-type conftest.cpp
configure:16405: $? = 0
configure:16405: result: yes
configure:16405: checking for tr1/memory
configure:16405: result: yes
configure:16433: checking whether gcc understands -Wall
configure:16446: g++ -c -g -O2 -DNDEBUG  -Wall  -DNDEBUG -Wall -Wcast-align -Wcast-qual -Wpointer-arith -Wreturn-type conftest.cpp >&5
configure:16446: $? = 0
configure:16455: result: yes
configure:16433: checking whether gcc understands -Wextra
configure:16446: g++ -c -g -O2 -DNDEBUG  -Wall -Wextra  -DNDEBUG -Wall -Wcast-align -Wcast-qual -Wpointer-arith -Wreturn-type conftest.cpp >&5
configure:16446: $? = 0
configure:16455: result: yes
configure:16433: checking whether gcc understands -Wsign-compare
configure:16446: g++ -c -g -O2 -DNDEBUG  -Wall -Wextra -Wsign-compare  -DNDEBUG -Wall -Wcast-align -Wcast-qual -Wpointer-arith -Wreturn-type conftest.cpp >&5
configure:16446: $? = 0
configure:16455: result: yes
configure:16433: checking whether gcc understands -Wpointer-arith
configure:16446: g++ -c -g -O2 -DNDEBUG  -Wall -Wextra -Wsign-compare -Wpointer-arith  -DNDEBUG -Wall -Wcast-align -Wcast-qual -Wpointer-arith -Wreturn-type conftest.cpp >&5
configure:16446: $? = 0
configure:16455: result: yes
configure:16433: checking whether gcc understands -Wchar-subscripts
configure:16446: g++ -c -g -O2 -DNDEBUG  -Wall -Wextra -Wsign-compare -Wpointer-arith -Wchar-subscripts  -DNDEBUG -Wall -Wcast-align -Wcast-qual -Wpointer-arith -Wreturn-type conftest.cpp >&5
configure:16446: $? = 0
configure:16455: result: yes
configure:16433: checking whether gcc understands -Wwrite-strings
configure:16446: g++ -c -g -O2 -DNDEBUG  -Wall -Wextra -Wsign-compare -Wpointer-arith -Wchar-subscripts -Wwrite-strings  -DNDEBUG -Wall -Wcast-align -Wcast-qual -Wpointer-arith -Wreturn-type conftest.cpp >&5
configure:16446: $? = 0
configure:16455: result: yes
configure:16433: checking whether gcc understands -Wunused
configure:16446: g++ -c -g -O2 -DNDEBUG  -Wall -Wextra -Wsign-compare -Wpointer-arith -Wchar-subscripts -Wwrite-strings -Wunused  -DNDEBUG -Wall -Wcast-align -Wcast-qual -Wpointer-arith -Wreturn-type conftest.cpp >&5
configure:16446: $? = 0
configure:16455: result: yes
configure:16433: checking whether gcc understands -Wpointer-arith
configure:16446: g++ -c -g -O2 -DNDEBUG  -Wall -Wextra -Wsign-compare -Wpointer-arith -Wchar-subscripts -Wwrite-strings -Wunused -Wpointer-arith  -DNDEBUG -Wall -Wcast-align -Wcast-qual -Wpointer-arith -Wreturn-type conftest.cpp >&5
configure:16446: $? = 0
configure:16455: result: yes
configure:16433: checking whether gcc understands -Wshadow
configure:16446: g++ -c -g -O2 -DNDEBUG  -Wall -Wextra -Wsign-compare -Wpointer-arith -Wchar-subscripts -Wwrite-strings -Wunused -Wpointer-arith -Wshadow  -DNDEBUG -Wall -Wcast-align -Wcast-qual -Wpointer-arith -Wreturn-type conftest.cpp >&5
configure:16446: $? = 0
configure:16455: result: yes
configure:16433: checking whether gcc understands -fshow-column
configure:16446: g++ -c -g -O2 -DNDEBUG  -Wall -Wextra -Wsign-compare -Wpointer-arith -Wchar-subscripts -Wwrite-strings -Wunused -Wpointer-arith -Wshadow -fshow-column  -DNDEBUG -Wall -Wcast-align -Wcast-qual -Wpointer-arith -Wreturn-type conftest.cpp >&5
configure:16446: $? = 0
configure:16455: result: yes
configure:16483: checking for DBUS
configure:16490: $PKG_CONFIG --exists --print-errors "dbus-c++-1 >= $DBUSCPP_VERSION"
Package dbus-c++-1 was not found in the pkg-config search path.
Perhaps you should add the directory containing `dbus-c++-1.pc'
to the PKG_CONFIG_PATH environment variable
No package 'dbus-c++-1' found
configure:16493: $? = 1
configure:16507: $PKG_CONFIG --exists --print-errors "dbus-c++-1 >= $DBUSCPP_VERSION"
Package dbus-c++-1 was not found in the pkg-config search path.
Perhaps you should add the directory containing `dbus-c++-1.pc'
to the PKG_CONFIG_PATH environment variable
No package 'dbus-c++-1' found
configure:16510: $? = 1
configure:16524: result: no
No package 'dbus-c++-1' found
configure:16592: checking whether NLS is requested
configure:16601: result: yes
configure:16616: checking for intltool >= 0.35.0
configure:16623: result: 0.41.1 found
configure:16631: checking for intltool-update
configure:16649: found /usr/bin/intltool-update
configure:16661: result: /usr/bin/intltool-update
configure:16671: checking for intltool-merge
configure:16689: found /usr/bin/intltool-merge
configure:16701: result: /usr/bin/intltool-merge
configure:16711: checking for intltool-extract
configure:16729: found /usr/bin/intltool-extract
configure:16741: result: /usr/bin/intltool-extract
configure:16872: checking for xgettext
configure:16890: found /usr/bin/xgettext
configure:16902: result: /usr/bin/xgettext
configure:16912: checking for msgmerge
configure:16930: found /usr/bin/msgmerge
configure:16942: result: /usr/bin/msgmerge
configure:16952: checking for msgfmt
configure:16970: found /usr/bin/msgfmt
configure:16982: result: /usr/bin/msgfmt
configure:16992: checking for gmsgfmt
configure:17023: result: /usr/bin/msgfmt
configure:17043: checking for perl
configure:17061: found /usr/bin/perl
configure:17073: result: /usr/bin/perl
configure:17084: checking for perl >= 5.8.1
configure:17091: result: 5.12.3
configure:17095: checking for XML::Parser
configure:17098: result: ok
configure:17123: g++ -o conftest -g -O2 -DNDEBUG  -Wall -Wextra -Wsign-compare -Wpointer-arith -Wchar-subscripts -Wwrite-strings -Wunused -Wpointer-arith -Wshadow -fshow-column  -DNDEBUG -Wall -Wcast-align -Wcast-qual -Wpointer-arith -Wreturn-type  conftest.cpp -luuid  >&5
configure:17123: $? = 0
configure:17160: checking locale.h usability
configure:17160: g++ -c -g -O2 -DNDEBUG  -Wall -Wextra -Wsign-compare -Wpointer-arith -Wchar-subscripts -Wwrite-strings -Wunused -Wpointer-arith -Wshadow -fshow-column  -DNDEBUG -Wall -Wcast-align -Wcast-qual -Wpointer-arith -Wreturn-type conftest.cpp >&5
configure:17160: $? = 0
configure:17160: result: yes
configure:17160: checking locale.h presence
configure:17160: g++ -E  -DNDEBUG -Wall -Wcast-align -Wcast-qual -Wpointer-arith -Wreturn-type conftest.cpp
configure:17160: $? = 0
configure:17160: result: yes
configure:17160: checking for locale.h
configure:17160: result: yes
configure:17171: checking for LC_MESSAGES
configure:17187: g++ -o conftest -g -O2 -DNDEBUG  -Wall -Wextra -Wsign-compare -Wpointer-arith -Wchar-subscripts -Wwrite-strings -Wunused -Wpointer-arith -Wshadow -fshow-column  -DNDEBUG -Wall -Wcast-align -Wcast-qual -Wpointer-arith -Wreturn-type  conftest.cpp -luuid  >&5
configure:17187: $? = 0
configure:17195: result: yes
configure:17212: checking libintl.h usability
configure:17212: g++ -c -g -O2 -DNDEBUG  -Wall -Wextra -Wsign-compare -Wpointer-arith -Wchar-subscripts -Wwrite-strings -Wunused -Wpointer-arith -Wshadow -fshow-column  -DNDEBUG -Wall -Wcast-align -Wcast-qual -Wpointer-arith -Wreturn-type conftest.cpp >&5
configure:17212: $? = 0
configure:17212: result: yes
configure:17212: checking libintl.h presence
configure:17212: g++ -E  -DNDEBUG -Wall -Wcast-align -Wcast-qual -Wpointer-arith -Wreturn-type conftest.cpp
configure:17212: $? = 0
configure:17212: result: yes
configure:17212: checking for libintl.h
configure:17212: result: yes
configure:17220: checking for ngettext in libc
configure:17238: g++ -o conftest -g -O2 -DNDEBUG  -Wall -Wextra -Wsign-compare -Wpointer-arith -Wchar-subscripts -Wwrite-strings -Wunused -Wpointer-arith -Wshadow -fshow-column  -DNDEBUG -Wall -Wcast-align -Wcast-qual -Wpointer-arith -Wreturn-type  conftest.cpp -luuid  >&5
configure:17238: $? = 0
configure:17247: result: yes
configure:17251: checking for dgettext in libc
configure:17269: g++ -o conftest -g -O2 -DNDEBUG  -Wall -Wextra -Wsign-compare -Wpointer-arith -Wchar-subscripts -Wwrite-strings -Wunused -Wpointer-arith -Wshadow -fshow-column  -DNDEBUG -Wall -Wcast-align -Wcast-qual -Wpointer-arith -Wreturn-type  conftest.cpp -luuid  >&5
configure:17269: $? = 0
configure:17278: result: yes
configure:17285: checking for bind_textdomain_codeset
configure:17285: g++ -o conftest -g -O2 -DNDEBUG  -Wall -Wextra -Wsign-compare -Wpointer-arith -Wchar-subscripts -Wwrite-strings -Wunused -Wpointer-arith -Wshadow -fshow-column  -DNDEBUG -Wall -Wcast-align -Wcast-qual -Wpointer-arith -Wreturn-type  conftest.cpp -luuid  >&5
configure:17285: $? = 0
configure:17285: result: yes
configure:17561: checking for msgfmt
configure:17588: result: /usr/bin/msgfmt
configure:17599: checking for dcgettext
configure:17599: g++ -o conftest -g -O2 -DNDEBUG  -Wall -Wextra -Wsign-compare -Wpointer-arith -Wchar-subscripts -Wwrite-strings -Wunused -Wpointer-arith -Wshadow -fshow-column  -DNDEBUG -Wall -Wcast-align -Wcast-qual -Wpointer-arith -Wreturn-type  conftest.cpp -luuid   >&5
configure:17599: $? = 0
configure:17599: result: yes
configure:17609: checking if msgfmt accepts -c
configure:17624: $MSGFMT -c -o /dev/null conftest.foo
configure:17627: $? = 0
configure:17629: result: yes
configure:17639: checking for gmsgfmt
configure:17670: result: /usr/bin/msgfmt
configure:17680: checking for xgettext
configure:17707: result: /usr/bin/xgettext
configure:17726: g++ -o conftest -g -O2 -DNDEBUG  -Wall -Wextra -Wsign-compare -Wpointer-arith -Wchar-subscripts -Wwrite-strings -Wunused -Wpointer-arith -Wshadow -fshow-column  -DNDEBUG -Wall -Wcast-align -Wcast-qual -Wpointer-arith -Wreturn-type  conftest.cpp -luuid   >&5
configure:17726: $? = 0
configure:17867: checking for mateconftool-2
configure:17885: found /usr/bin/mateconftool-2
configure:17897: result: /usr/bin/mateconftool-2
configure:17920: result: Using config source xml:merged:/usr/etc/mateconf/mateconf.xml.defaults for schema installation
configure:17935: result: Using $(sysconfdir)/mateconf/schemas as install directory for schema files
configure:17974: checking for sed
configure:18002: result: /bin/sed
configure:18202: creating ./config.status

## ---------------------- ##
## Running config.status. ##
## ---------------------- ##

This file was extended by gnote config.status 0.7.4, which was
generated by GNU Autoconf 2.68.  Invocation command line was

  CONFIG_FILES    = 
  CONFIG_HEADERS  = 
  CONFIG_LINKS    = 
  CONFIG_COMMANDS = 
  $ ./config.status 

on matsusoft.com.ar

config.status:1324: creating Makefile
config.status:1324: creating shave
config.status:1324: creating shave-libtool
config.status:1324: creating data/Makefile
config.status:1324: creating data/gnote.desktop.in
config.status:1324: creating data/icons/Makefile
config.status:1324: creating libtomboy/Makefile
config.status:1324: creating src/Makefile
config.status:1324: creating src/addins/Makefile
config.status:1324: creating src/addins/addins.mk
config.status:1324: creating src/addins/backlinks/Makefile
config.status:1324: creating src/addins/bugzilla/Makefile
config.status:1324: creating src/addins/exporttohtml/Makefile
config.status:1324: creating src/addins/fixedwidth/Makefile
config.status:1324: creating src/addins/inserttimestamp/Makefile
config.status:1324: creating src/addins/noteoftheday/Makefile
config.status:1324: creating src/addins/printnotes/Makefile
config.status:1324: creating src/addins/stickynoteimport/Makefile
config.status:1324: creating src/addins/tomboyimport/Makefile
config.status:1324: creating src/addins/underline/Makefile
config.status:1324: creating src/dbus/Makefile
config.status:1324: creating po/Makefile.in
config.status:1324: creating po/Makefile
config.status:1324: creating help/Makefile
config.status:1324: creating config.h
config.status:1553: executing depfiles commands
config.status:1553: executing libtool commands
config.status:1553: executing default-1 commands
config.status:1553: executing po/stamp-it commands

## ---------------- ##
## Cache variables. ##
## ---------------- ##

ac_cv_build=x86_64-unknown-linux-gnu
ac_cv_c_compiler_gnu=yes
ac_cv_cxx_compiler_gnu=yes
ac_cv_env_BOOST_ROOT_set=
ac_cv_env_BOOST_ROOT_value=
ac_cv_env_CCC_set=
ac_cv_env_CCC_value=
ac_cv_env_CC_set=
ac_cv_env_CC_value=
ac_cv_env_CFLAGS_set=set
ac_cv_env_CFLAGS_value='-s -Os -mtune=native -march=native'
ac_cv_env_CPPFLAGS_set=
ac_cv_env_CPPFLAGS_value=
ac_cv_env_CPP_set=
ac_cv_env_CPP_value=
ac_cv_env_CXXCPP_set=
ac_cv_env_CXXCPP_value=
ac_cv_env_CXXFLAGS_set=
ac_cv_env_CXXFLAGS_value=
ac_cv_env_CXX_set=
ac_cv_env_CXX_value=
ac_cv_env_DBUS_CFLAGS_set=
ac_cv_env_DBUS_CFLAGS_value=
ac_cv_env_DBUS_LIBS_set=
ac_cv_env_DBUS_LIBS_value=
ac_cv_env_GTKSPELL_CFLAGS_set=
ac_cv_env_GTKSPELL_CFLAGS_value=
ac_cv_env_GTKSPELL_LIBS_set=
ac_cv_env_GTKSPELL_LIBS_value=
ac_cv_env_GTK_CFLAGS_set=
ac_cv_env_GTK_CFLAGS_value=
ac_cv_env_GTK_LIBS_set=
ac_cv_env_GTK_LIBS_value=
ac_cv_env_LDFLAGS_set=
ac_cv_env_LDFLAGS_value=
ac_cv_env_LIBGLIBMM_CFLAGS_set=
ac_cv_env_LIBGLIBMM_CFLAGS_value=
ac_cv_env_LIBGLIBMM_LIBS_set=
ac_cv_env_LIBGLIBMM_LIBS_value=
ac_cv_env_LIBGTKMM_CFLAGS_set=
ac_cv_env_LIBGTKMM_CFLAGS_value=
ac_cv_env_LIBGTKMM_LIBS_set=
ac_cv_env_LIBGTKMM_LIBS_value=
ac_cv_env_LIBPANELAPPLETMM_CFLAGS_set=
ac_cv_env_LIBPANELAPPLETMM_CFLAGS_value=
ac_cv_env_LIBPANELAPPLETMM_LIBS_set=
ac_cv_env_LIBPANELAPPLETMM_LIBS_value=
ac_cv_env_LIBS_set=
ac_cv_env_LIBS_value=
ac_cv_env_LIBXML_CFLAGS_set=
ac_cv_env_LIBXML_CFLAGS_value=
ac_cv_env_LIBXML_LIBS_set=
ac_cv_env_LIBXML_LIBS_value=
ac_cv_env_LIBXSLT_CFLAGS_set=
ac_cv_env_LIBXSLT_CFLAGS_value=
ac_cv_env_LIBXSLT_LIBS_set=
ac_cv_env_LIBXSLT_LIBS_value=
ac_cv_env_MATECONF_CFLAGS_set=
ac_cv_env_MATECONF_CFLAGS_value=
ac_cv_env_MATECONF_LIBS_set=
ac_cv_env_MATECONF_LIBS_value=
ac_cv_env_PCRE_CFLAGS_set=
ac_cv_env_PCRE_CFLAGS_value=
ac_cv_env_PCRE_LIBS_set=
ac_cv_env_PCRE_LIBS_value=
ac_cv_env_PKG_CONFIG_LIBDIR_set=
ac_cv_env_PKG_CONFIG_LIBDIR_value=
ac_cv_env_PKG_CONFIG_PATH_set=
ac_cv_env_PKG_CONFIG_PATH_value=
ac_cv_env_PKG_CONFIG_set=
ac_cv_env_PKG_CONFIG_value=
ac_cv_env_build_alias_set=
ac_cv_env_build_alias_value=
ac_cv_env_host_alias_set=
ac_cv_env_host_alias_value=
ac_cv_env_target_alias_set=
ac_cv_env_target_alias_value=
ac_cv_func_bind_textdomain_codeset=yes
ac_cv_func_dcgettext=yes
ac_cv_header_boost_bind_hpp=yes
ac_cv_header_boost_cast_hpp=yes
ac_cv_header_boost_format_hpp=yes
ac_cv_header_boost_lexical_cast_hpp=yes
ac_cv_header_boost_test_unit_test_hpp=yes
ac_cv_header_dlfcn_h=yes
ac_cv_header_inttypes_h=yes
ac_cv_header_libintl_h=yes
ac_cv_header_locale_h=yes
ac_cv_header_memory_h=yes
ac_cv_header_minix_config_h=no
ac_cv_header_stdc=yes
ac_cv_header_stdint_h=yes
ac_cv_header_stdlib_h=yes
ac_cv_header_string_h=yes
ac_cv_header_strings_h=yes
ac_cv_header_sys_stat_h=yes
ac_cv_header_sys_types_h=yes
ac_cv_header_tr1_memory=yes
ac_cv_header_unistd_h=yes
ac_cv_header_uuid_uuid_h=yes
ac_cv_host=x86_64-unknown-linux-gnu
ac_cv_lib_uuid_uuid_unparse_lower=yes
ac_cv_objext=o
ac_cv_path_EGREP='/bin/grep -E'
ac_cv_path_FGREP='/bin/grep -F'
ac_cv_path_GMSGFMT=/usr/bin/msgfmt
ac_cv_path_GREP=/bin/grep
ac_cv_path_INTLTOOL_EXTRACT=/usr/bin/intltool-extract
ac_cv_path_INTLTOOL_MERGE=/usr/bin/intltool-merge
ac_cv_path_INTLTOOL_PERL=/usr/bin/perl
ac_cv_path_INTLTOOL_UPDATE=/usr/bin/intltool-update
ac_cv_path_MATECONFTOOL=/usr/bin/mateconftool-2
ac_cv_path_MSGFMT=/usr/bin/msgfmt
ac_cv_path_MSGMERGE=/usr/bin/msgmerge
ac_cv_path_SED=/bin/sed
ac_cv_path_XGETTEXT=/usr/bin/xgettext
ac_cv_path_ac_pt_PKG_CONFIG=/usr/bin/pkg-config
ac_cv_path_install='/bin/install -c'
ac_cv_path_mkdir=/bin/mkdir
ac_cv_prog_AWK=gawk
ac_cv_prog_CPP='gcc -E'
ac_cv_prog_CXXCPP='g++ -E'
ac_cv_prog_SED=/bin/sed
ac_cv_prog_ac_ct_AR=ar
ac_cv_prog_ac_ct_CC=gcc
ac_cv_prog_ac_ct_CXX=g++
ac_cv_prog_ac_ct_OBJDUMP=objdump
ac_cv_prog_ac_ct_RANLIB=ranlib
ac_cv_prog_ac_ct_STRIP=strip
ac_cv_prog_cc_c89=
ac_cv_prog_cc_g=yes
ac_cv_prog_cxx_g=yes
ac_cv_prog_make_make_set=yes
ac_cv_safe_to_define___extensions__=yes
am_cv_CC_dependencies_compiler_type=gcc3
am_cv_CXX_dependencies_compiler_type=gcc3
am_cv_val_LC_MESSAGES=yes
boost_cv_inc_path=yes
boost_cv_lib_tag='gcc46 -gcc'
boost_cv_lib_unit_test_framework=yes
boost_cv_lib_unit_test_framework_LDFLAGS='-L/usr/lib -Wl,-R/usr/lib'
boost_cv_lib_unit_test_framework_LDPATH=/usr/lib
boost_cv_lib_unit_test_framework_LIBS=/usr/lib/libboost_unit_test_framework.a
boost_cv_lib_version=1_46_1
gdu_cv_have_gdu=yes
gdu_cv_version_required=0.3.2
gt_cv_func_dgettext_libc=yes
gt_cv_func_dgettext_libintl=no
gt_cv_func_ngettext_libc=yes
gt_cv_have_gettext=yes
lt_cv_archive_cmds_need_lc=no
lt_cv_deplibs_check_method=pass_all
lt_cv_file_magic_cmd='$MAGIC_CMD'
lt_cv_file_magic_test_file=
lt_cv_ld_reload_flag=-r
lt_cv_nm_interface='BSD nm'
lt_cv_objdir=.libs
lt_cv_path_LD=/usr/bin/ld
lt_cv_path_LDCXX='/usr/bin/ld -m elf_x86_64'
lt_cv_path_NM='/usr/bin/nm -B'
lt_cv_prog_compiler_c_o=yes
lt_cv_prog_compiler_c_o_CXX=yes
lt_cv_prog_compiler_pic_works=yes
lt_cv_prog_compiler_pic_works_CXX=yes
lt_cv_prog_compiler_rtti_exceptions=no
lt_cv_prog_compiler_static_works=yes
lt_cv_prog_compiler_static_works_CXX=yes
lt_cv_prog_gnu_ld=yes
lt_cv_prog_gnu_ldcxx=yes
lt_cv_shlibpath_overrides_runpath=no
lt_cv_sys_global_symbol_pipe='sed -n -e '\''s/^.*[	 ]\([ABCDGIRSTW][ABCDGIRSTW]*\)[	 ][	 ]*\([_A-Za-z][_A-Za-z0-9]*\)$/\1 \2 \2/p'\'''
lt_cv_sys_global_symbol_to_c_name_address='sed -n -e '\''s/^: \([^ ]*\) $/  {\"\1\", (void *) 0},/p'\'' -e '\''s/^[ABCDGIRSTW]* \([^ ]*\) \([^ ]*\)$/  {"\2", (void *) \&\2},/p'\'''
lt_cv_sys_global_symbol_to_c_name_address_lib_prefix='sed -n -e '\''s/^: \([^ ]*\) $/  {\"\1\", (void *) 0},/p'\'' -e '\''s/^[ABCDGIRSTW]* \([^ ]*\) \(lib[^ ]*\)$/  {"\2", (void *) \&\2},/p'\'' -e '\''s/^[ABCDGIRSTW]* \([^ ]*\) \([^ ]*\)$/  {"lib\2", (void *) \&\2},/p'\'''
lt_cv_sys_global_symbol_to_cdecl='sed -n -e '\''s/^T .* \(.*\)$/extern int \1();/p'\'' -e '\''s/^[ABCDGIRSTW]* .* \(.*\)$/extern char \1;/p'\'''
lt_cv_sys_max_cmd_len=1572864
pkg_cv_GTKSPELL_CFLAGS='-pthread -I/usr/include/gtkspell-2.0 -I/usr/include/gtk-2.0 -I/usr/lib/gtk-2.0/include -I/usr/include/atk-1.0 -I/usr/include/cairo -I/usr/include/gdk-pixbuf-2.0 -I/usr/include/pango-1.0 -I/usr/include/glib-2.0 -I/usr/lib/glib-2.0/include -I/usr/include/pixman-1 -I/usr/include/freetype2 -I/usr/include/libpng14  '
pkg_cv_GTKSPELL_LIBS='-pthread -lgtkspell -lgtk-x11-2.0 -lgdk-x11-2.0 -latk-1.0 -lgio-2.0 -lpangoft2-1.0 -lpangocairo-1.0 -lgdk_pixbuf-2.0 -lpng14 -lm -lcairo -lpango-1.0 -lfreetype -lfontconfig -lgobject-2.0 -lgmodule-2.0 -lgthread-2.0 -lrt -lglib-2.0  '
pkg_cv_GTK_CFLAGS='-pthread -I/usr/include/gtk-2.0 -I/usr/lib/gtk-2.0/include -I/usr/include/atk-1.0 -I/usr/include/cairo -I/usr/include/gdk-pixbuf-2.0 -I/usr/include/pango-1.0 -I/usr/include/glib-2.0 -I/usr/lib/glib-2.0/include -I/usr/include/pixman-1 -I/usr/include/freetype2 -I/usr/include/libpng14  '
pkg_cv_GTK_LIBS='-pthread -lgtk-x11-2.0 -lgdk-x11-2.0 -latk-1.0 -lgio-2.0 -lpangoft2-1.0 -lpangocairo-1.0 -lgdk_pixbuf-2.0 -lpng14 -lm -lcairo -lpango-1.0 -lfreetype -lfontconfig -lgobject-2.0 -lgmodule-2.0 -lgthread-2.0 -lrt -lglib-2.0  '
pkg_cv_LIBGLIBMM_CFLAGS='-pthread -I/usr/include/glibmm-2.4 -I/usr/lib/glibmm-2.4/include -I/usr/include/sigc++-2.0 -I/usr/lib/sigc++-2.0/include -I/usr/include/glib-2.0 -I/usr/lib/glib-2.0/include  '
pkg_cv_LIBGLIBMM_LIBS='-pthread -lglibmm-2.4 -lgobject-2.0 -lsigc-2.0 -lgthread-2.0 -lrt -lglib-2.0  '
pkg_cv_LIBGTKMM_CFLAGS='-pthread -I/usr/include/gtkmm-2.4 -I/usr/lib/gtkmm-2.4/include -I/usr/include/atkmm-1.6 -I/usr/include/giomm-2.4 -I/usr/lib/giomm-2.4/include -I/usr/include/pangomm-1.4 -I/usr/lib/pangomm-1.4/include -I/usr/include/gtk-2.0 -I/usr/include/gtk-unix-print-2.0 -I/usr/include/gdkmm-2.4 -I/usr/lib/gdkmm-2.4/include -I/usr/include/atk-1.0 -I/usr/include/glibmm-2.4 -I/usr/lib/glibmm-2.4/include -I/usr/include/glib-2.0 -I/usr/lib/glib-2.0/include -I/usr/include/sigc++-2.0 -I/usr/lib/sigc++-2.0/include -I/usr/include/cairomm-1.0 -I/usr/lib/cairomm-1.0/include -I/usr/include/pango-1.0 -I/usr/include/cairo -I/usr/include/pixman-1 -I/usr/include/freetype2 -I/usr/include/libpng14 -I/usr/lib/gtk-2.0/include -I/usr/include/gdk-pixbuf-2.0  '
pkg_cv_LIBGTKMM_LIBS='-pthread -lgtkmm-2.4 -latkmm-1.6 -lgdkmm-2.4 -lgiomm-2.4 -lpangomm-1.4 -lgtk-x11-2.0 -lglibmm-2.4 -lcairomm-1.0 -lsigc-2.0 -lgdk-x11-2.0 -latk-1.0 -lgio-2.0 -lpangoft2-1.0 -lpangocairo-1.0 -lgdk_pixbuf-2.0 -lpng14 -lm -lcairo -lpango-1.0 -lfreetype -lfontconfig -lgobject-2.0 -lgmodule-2.0 -lgthread-2.0 -lrt -lglib-2.0  '
pkg_cv_LIBXML_CFLAGS='-I/usr/include/libxml2  '
pkg_cv_LIBXML_LIBS='-lxml2  '
pkg_cv_LIBXSLT_CFLAGS='-I/usr/include/libxml2  '
pkg_cv_LIBXSLT_LIBS='-lxslt -lz -lm -lxml2  '
pkg_cv_MATECONF_CFLAGS='-pthread -I/usr/include/mateconf/2 -I/usr/include/dbus-1.0 -I/usr/lib/dbus-1.0/include -I/usr/include/glib-2.0 -I/usr/lib/glib-2.0/include  '
pkg_cv_MATECONF_LIBS='-pthread -lmateconf-2 -ldbus-glib-1 -ldbus-1 -lpthread -lgobject-2.0 -lgthread-2.0 -lrt -lglib-2.0  '
pkg_cv_PCRE_CFLAGS=' '
pkg_cv_PCRE_LIBS='-lpcre -lpcrecpp  '

## ----------------- ##
## Output variables. ##
## ----------------- ##

ACLOCAL='${SHELL} /home/perberos/Desktop/mate/mate-notes/missing --run aclocal-1.11'
ACLOCAL_AMFLAGS='${ACLOCAL_FLAGS}'
ALL_LINGUAS=''
AMDEPBACKSLASH='\'
AMDEP_FALSE='#'
AMDEP_TRUE=''
AMTAR='${SHELL} /home/perberos/Desktop/mate/mate-notes/missing --run tar'
AM_MAKEFLAGS='`test -z $V && echo -s`'
AR='ar'
AUTOCONF='${SHELL} /home/perberos/Desktop/mate/mate-notes/missing --run autoconf'
AUTOHEADER='${SHELL} /home/perberos/Desktop/mate/mate-notes/missing --run autoheader'
AUTOMAKE='${SHELL} /home/perberos/Desktop/mate/mate-notes/missing --run automake-1.11'
AWK='gawk'
BOOST_CPPFLAGS=''
BOOST_LDPATH='/usr/lib'
BOOST_ROOT=''
BOOST_UNIT_TEST_FRAMEWORK_LDFLAGS='-L/usr/lib -Wl,-R/usr/lib'
BOOST_UNIT_TEST_FRAMEWORK_LDPATH='/usr/lib'
BOOST_UNIT_TEST_FRAMEWORK_LIBS='/usr/lib/libboost_unit_test_framework.a'
CATALOGS=''
CATOBJEXT='.gmo'
CC='$(SHELL) $(shavedir)/shave cc '\''$(SHAVE_SAVED_CC)'\'''
CCDEPMODE='depmode=gcc3'
CFLAGS='-s -Os -mtune=native -march=native -DNDEBUG '
CPP='gcc -E'
CPPFLAGS=' -DNDEBUG -Wall -Wcast-align -Wcast-qual -Wpointer-arith -Wreturn-type'
CXX='$(SHELL) $(shavedir)/shave cxx '\''$(SHAVE_SAVED_CXX)'\'''
CXXCPP='g++ -E'
CXXDEPMODE='depmode=gcc3'
CXXFLAGS='-g -O2 -DNDEBUG  -Wall -Wextra -Wsign-compare -Wpointer-arith -Wchar-subscripts -Wwrite-strings -Wunused -Wpointer-arith -Wshadow -fshow-column'
CYGPATH_W='echo'
DATADIRNAME='share'
DBUS_CFLAGS=''
DBUS_LIBS=''
DBUS_SERVICE_DIR='${datarootdir}/dbus-1/services'
DEBUG_FALSE=''
DEBUG_TRUE='#'
DEFS='-DHAVE_CONFIG_H'
DEPDIR='.deps'
DISTCHECK_CONFIGURE_FLAGS='--disable-scrollkeeper  '\''--with-boost='\'''
DOC_USER_FORMATS=''
DSYMUTIL=''
DUMPBIN=''
ECHO_C=''
ECHO_N='-n'
ECHO_T=''
EGREP='/bin/grep -E'
ENABLE_SK_FALSE='#'
ENABLE_SK_TRUE=''
EXEEXT=''
FGREP='/bin/grep -F'
FIXED_GTKSPELL_FALSE='#'
FIXED_GTKSPELL_TRUE=''
GETTEXT_PACKAGE='gnote'
GMOFILES=''
GMSGFMT='/usr/bin/msgfmt'
GNOTE_LOCALEDIR='${datarootdir}/locale'
GNOTE_VERSION='0.7.4'
GREP='/bin/grep'
GTKSPELL_CFLAGS='-pthread -I/usr/include/gtkspell-2.0 -I/usr/include/gtk-2.0 -I/usr/lib/gtk-2.0/include -I/usr/include/atk-1.0 -I/usr/include/cairo -I/usr/include/gdk-pixbuf-2.0 -I/usr/include/pango-1.0 -I/usr/include/glib-2.0 -I/usr/lib/glib-2.0/include -I/usr/include/pixman-1 -I/usr/include/freetype2 -I/usr/include/libpng14  '
GTKSPELL_LIBS='-pthread -lgtkspell -lgtk-x11-2.0 -lgdk-x11-2.0 -latk-1.0 -lgio-2.0 -lpangoft2-1.0 -lpangocairo-1.0 -lgdk_pixbuf-2.0 -lpng14 -lm -lcairo -lpango-1.0 -lfreetype -lfontconfig -lgobject-2.0 -lgmodule-2.0 -lgthread-2.0 -lrt -lglib-2.0  '
GTK_CFLAGS='-pthread -I/usr/include/gtk-2.0 -I/usr/lib/gtk-2.0/include -I/usr/include/atk-1.0 -I/usr/include/cairo -I/usr/include/gdk-pixbuf-2.0 -I/usr/include/pango-1.0 -I/usr/include/glib-2.0 -I/usr/lib/glib-2.0/include -I/usr/include/pixman-1 -I/usr/include/freetype2 -I/usr/include/libpng14  '
GTK_LIBS='-pthread -lgtk-x11-2.0 -lgdk-x11-2.0 -latk-1.0 -lgio-2.0 -lpangoft2-1.0 -lpangocairo-1.0 -lgdk_pixbuf-2.0 -lpng14 -lm -lcairo -lpango-1.0 -lfreetype -lfontconfig -lgobject-2.0 -lgmodule-2.0 -lgthread-2.0 -lrt -lglib-2.0  '
HAVE_DBUS_FALSE=''
HAVE_DBUS_TRUE='#'
HAVE_MATE_DOC_UTILS_FALSE='#'
HAVE_MATE_DOC_UTILS_TRUE=''
HAVE_PANELAPPLETMM_FALSE=''
HAVE_PANELAPPLETMM_TRUE='#'
HELP_DIR='${datadir}/mate/help'
INSTALL_DATA='${INSTALL} -m 644'
INSTALL_PROGRAM='${INSTALL}'
INSTALL_SCRIPT='${INSTALL}'
INSTALL_STRIP_PROGRAM='$(install_sh) -c -s'
INSTOBJEXT='.mo'
INTLLIBS=''
INTLTOOL_CAVES_RULE='%.caves:     %.caves.in     $(INTLTOOL_MERGE) $(wildcard $(top_srcdir)/po/*.po) ; LC_ALL=C $(INTLTOOL_MERGE) -d -u -c $(top_builddir)/po/.intltool-merge-cache $(top_srcdir)/po $< $@'
INTLTOOL_DESKTOP_RULE='%.desktop:   %.desktop.in   $(INTLTOOL_MERGE) $(wildcard $(top_srcdir)/po/*.po) ; LC_ALL=C $(INTLTOOL_MERGE) -d -u -c $(top_builddir)/po/.intltool-merge-cache $(top_srcdir)/po $< $@'
INTLTOOL_DIRECTORY_RULE='%.directory: %.directory.in $(INTLTOOL_MERGE) $(wildcard $(top_srcdir)/po/*.po) ; LC_ALL=C $(INTLTOOL_MERGE) -d -u -c $(top_builddir)/po/.intltool-merge-cache $(top_srcdir)/po $< $@'
INTLTOOL_EXTRACT='/usr/bin/intltool-extract'
INTLTOOL_KBD_RULE='%.kbd:       %.kbd.in       $(INTLTOOL_MERGE) $(wildcard $(top_srcdir)/po/*.po) ; LC_ALL=C $(INTLTOOL_MERGE) -x -u -m -c $(top_builddir)/po/.intltool-merge-cache $(top_srcdir)/po $< $@'
INTLTOOL_KEYS_RULE='%.keys:      %.keys.in      $(INTLTOOL_MERGE) $(wildcard $(top_srcdir)/po/*.po) ; LC_ALL=C $(INTLTOOL_MERGE) -k -u -c $(top_builddir)/po/.intltool-merge-cache $(top_srcdir)/po $< $@'
INTLTOOL_MERGE='/usr/bin/intltool-merge'
INTLTOOL_OAF_RULE='%.oaf:       %.oaf.in       $(INTLTOOL_MERGE) $(wildcard $(top_srcdir)/po/*.po) ; LC_ALL=C $(INTLTOOL_MERGE) -o -p $(top_srcdir)/po $< $@'
INTLTOOL_PERL='/usr/bin/perl'
INTLTOOL_POLICY_RULE='%.policy:    %.policy.in    $(INTLTOOL_MERGE) $(wildcard $(top_srcdir)/po/*.po) ; LC_ALL=C $(INTLTOOL_MERGE) -x -u -c $(top_builddir)/po/.intltool-merge-cache $(top_srcdir)/po $< $@'
INTLTOOL_PONG_RULE='%.pong:      %.pong.in      $(INTLTOOL_MERGE) $(wildcard $(top_srcdir)/po/*.po) ; LC_ALL=C $(INTLTOOL_MERGE) -x -u -c $(top_builddir)/po/.intltool-merge-cache $(top_srcdir)/po $< $@'
INTLTOOL_PROP_RULE='%.prop:      %.prop.in      $(INTLTOOL_MERGE) $(wildcard $(top_srcdir)/po/*.po) ; LC_ALL=C $(INTLTOOL_MERGE) -d -u -c $(top_builddir)/po/.intltool-merge-cache $(top_srcdir)/po $< $@'
INTLTOOL_SCHEMAS_RULE='%.schemas:   %.schemas.in   $(INTLTOOL_MERGE) $(wildcard $(top_srcdir)/po/*.po) ; LC_ALL=C $(INTLTOOL_MERGE) -s -u -c $(top_builddir)/po/.intltool-merge-cache $(top_srcdir)/po $< $@'
INTLTOOL_SERVER_RULE='%.server:    %.server.in    $(INTLTOOL_MERGE) $(wildcard $(top_srcdir)/po/*.po) ; LC_ALL=C $(INTLTOOL_MERGE) -o -u -c $(top_builddir)/po/.intltool-merge-cache $(top_srcdir)/po $< $@'
INTLTOOL_SERVICE_RULE='%.service: %.service.in   $(INTLTOOL_MERGE) $(wildcard $(top_srcdir)/po/*.po) ; LC_ALL=C $(INTLTOOL_MERGE) -d -u -c $(top_builddir)/po/.intltool-merge-cache $(top_srcdir)/po $< $@'
INTLTOOL_SHEET_RULE='%.sheet:     %.sheet.in     $(INTLTOOL_MERGE) $(wildcard $(top_srcdir)/po/*.po) ; LC_ALL=C $(INTLTOOL_MERGE) -x -u -c $(top_builddir)/po/.intltool-merge-cache $(top_srcdir)/po $< $@'
INTLTOOL_SOUNDLIST_RULE='%.soundlist: %.soundlist.in $(INTLTOOL_MERGE) $(wildcard $(top_srcdir)/po/*.po) ; LC_ALL=C $(INTLTOOL_MERGE) -d -u -c $(top_builddir)/po/.intltool-merge-cache $(top_srcdir)/po $< $@'
INTLTOOL_THEME_RULE='%.theme:     %.theme.in     $(INTLTOOL_MERGE) $(wildcard $(top_srcdir)/po/*.po) ; LC_ALL=C $(INTLTOOL_MERGE) -d -u -c $(top_builddir)/po/.intltool-merge-cache $(top_srcdir)/po $< $@'
INTLTOOL_UI_RULE='%.ui:        %.ui.in        $(INTLTOOL_MERGE) $(wildcard $(top_srcdir)/po/*.po) ; LC_ALL=C $(INTLTOOL_MERGE) -x -u -c $(top_builddir)/po/.intltool-merge-cache $(top_srcdir)/po $< $@'
INTLTOOL_UPDATE='/usr/bin/intltool-update'
INTLTOOL_XAM_RULE='%.xam:       %.xml.in       $(INTLTOOL_MERGE) $(wildcard $(top_srcdir)/po/*.po) ; LC_ALL=C $(INTLTOOL_MERGE) -x -u -c $(top_builddir)/po/.intltool-merge-cache $(top_srcdir)/po $< $@'
INTLTOOL_XML_NOMERGE_RULE='%.xml:       %.xml.in       $(INTLTOOL_MERGE) ; LC_ALL=C $(INTLTOOL_MERGE) -x -u /tmp $< $@'
INTLTOOL_XML_RULE='%.xml:       %.xml.in       $(INTLTOOL_MERGE) $(wildcard $(top_srcdir)/po/*.po) ; LC_ALL=C $(INTLTOOL_MERGE) -x -u -c $(top_builddir)/po/.intltool-merge-cache $(top_srcdir)/po $< $@'
LD='/usr/bin/ld -m elf_x86_64'
LDFLAGS=''
LIBGLIBMM_CFLAGS='-pthread -I/usr/include/glibmm-2.4 -I/usr/lib/glibmm-2.4/include -I/usr/include/sigc++-2.0 -I/usr/lib/sigc++-2.0/include -I/usr/include/glib-2.0 -I/usr/lib/glib-2.0/include  '
LIBGLIBMM_LIBS='-pthread -lglibmm-2.4 -lgobject-2.0 -lsigc-2.0 -lgthread-2.0 -lrt -lglib-2.0  '
LIBGTKMM_CFLAGS='-pthread -I/usr/include/gtkmm-2.4 -I/usr/lib/gtkmm-2.4/include -I/usr/include/atkmm-1.6 -I/usr/include/giomm-2.4 -I/usr/lib/giomm-2.4/include -I/usr/include/pangomm-1.4 -I/usr/lib/pangomm-1.4/include -I/usr/include/gtk-2.0 -I/usr/include/gtk-unix-print-2.0 -I/usr/include/gdkmm-2.4 -I/usr/lib/gdkmm-2.4/include -I/usr/include/atk-1.0 -I/usr/include/glibmm-2.4 -I/usr/lib/glibmm-2.4/include -I/usr/include/glib-2.0 -I/usr/lib/glib-2.0/include -I/usr/include/sigc++-2.0 -I/usr/lib/sigc++-2.0/include -I/usr/include/cairomm-1.0 -I/usr/lib/cairomm-1.0/include -I/usr/include/pango-1.0 -I/usr/include/cairo -I/usr/include/pixman-1 -I/usr/include/freetype2 -I/usr/include/libpng14 -I/usr/lib/gtk-2.0/include -I/usr/include/gdk-pixbuf-2.0  '
LIBGTKMM_LIBS='-pthread -lgtkmm-2.4 -latkmm-1.6 -lgdkmm-2.4 -lgiomm-2.4 -lpangomm-1.4 -lgtk-x11-2.0 -lglibmm-2.4 -lcairomm-1.0 -lsigc-2.0 -lgdk-x11-2.0 -latk-1.0 -lgio-2.0 -lpangoft2-1.0 -lpangocairo-1.0 -lgdk_pixbuf-2.0 -lpng14 -lm -lcairo -lpango-1.0 -lfreetype -lfontconfig -lgobject-2.0 -lgmodule-2.0 -lgthread-2.0 -lrt -lglib-2.0  '
LIBOBJS=''
LIBPANELAPPLETMM_CFLAGS=''
LIBPANELAPPLETMM_LIBS=''
LIBS='-luuid '
LIBTOOL='$(SHELL) $(shavedir)/shave-libtool '\''$(SHAVE_SAVED_LIBTOOL)'\'''
LIBXML_CFLAGS='-I/usr/include/libxml2  '
LIBXML_LIBS='-lxml2  '
LIBXSLT_CFLAGS='-I/usr/include/libxml2  '
LIBXSLT_LIBS='-lxslt -lz -lm -lxml2  '
LIPO=''
LN_S='ln -s'
LTLIBOBJS=''
MAINT=''
MAINTAINER_MODE_FALSE='#'
MAINTAINER_MODE_TRUE=''
MAKEFLAGS='-s'
MAKEINFO='${SHELL} /home/perberos/Desktop/mate/mate-notes/missing --run makeinfo'
MATECONFTOOL='/usr/bin/mateconftool-2'
MATECONF_CFLAGS='-pthread -I/usr/include/mateconf/2 -I/usr/include/dbus-1.0 -I/usr/lib/dbus-1.0/include -I/usr/include/glib-2.0 -I/usr/lib/glib-2.0/include  '
MATECONF_LIBS='-pthread -lmateconf-2 -ldbus-glib-1 -ldbus-1 -lpthread -lgobject-2.0 -lgthread-2.0 -lrt -lglib-2.0  '
MATECONF_SCHEMAS_INSTALL_FALSE='#'
MATECONF_SCHEMAS_INSTALL_TRUE=''
MATECONF_SCHEMA_CONFIG_SOURCE='xml:merged:/usr/etc/mateconf/mateconf.xml.defaults'
MATECONF_SCHEMA_FILE_DIR='$(sysconfdir)/mateconf/schemas'
MKDIR_P='/bin/mkdir -p'
MKINSTALLDIRS='./mkinstalldirs'
MSGFMT='/usr/bin/msgfmt'
MSGFMT_OPTS='-c'
MSGMERGE='/usr/bin/msgmerge'
NM='/usr/bin/nm -B'
NMEDIT=''
OBJDUMP='objdump'
OBJEXT='o'
OMF_DIR='${datadir}/omf'
OTOOL64=''
OTOOL=''
PACKAGE='gnote'
PACKAGE_BUGREPORT=''
PACKAGE_NAME='gnote'
PACKAGE_STRING='gnote 0.7.4'
PACKAGE_TARNAME='gnote'
PACKAGE_URL=''
PACKAGE_VERSION='0.7.4'
PANELAPPLET_SERVER_DIR='${exec_prefix}/lib/matecomponent/servers'
PATH_SEPARATOR=':'
PCRE_CFLAGS=' '
PCRE_LIBS='-lpcre -lpcrecpp  '
PKG_CONFIG='/usr/bin/pkg-config'
PKG_CONFIG_LIBDIR=''
PKG_CONFIG_PATH=''
POFILES=''
POSUB='po'
PO_IN_DATADIR_FALSE=''
PO_IN_DATADIR_TRUE=''
RANLIB='ranlib'
SED='/bin/sed'
SET_MAKE=''
SHAVE_SAVED_CC='gcc'
SHAVE_SAVED_CXX='g++'
SHAVE_SAVED_LIBTOOL='$(SHELL) $(top_builddir)/libtool'
SHELL='/bin/sh'
STRIP='strip'
USE_NLS='yes'
VERSION='0.7.4'
WITH_DBUS_SERVICE_DIR_FALSE=''
WITH_DBUS_SERVICE_DIR_TRUE='#'
XGETTEXT='/usr/bin/xgettext'
ac_ct_CC='gcc'
ac_ct_CXX='g++'
ac_ct_DUMPBIN=''
am__EXEEXT_FALSE=''
am__EXEEXT_TRUE='#'
am__fastdepCC_FALSE='#'
am__fastdepCC_TRUE=''
am__fastdepCXX_FALSE='#'
am__fastdepCXX_TRUE=''
am__include='include'
am__isrc=''
am__leading_dot='.'
am__quote=''
am__tar='${AMTAR} chof - "$$tardir"'
am__untar='${AMTAR} xf -'
bindir='${exec_prefix}/bin'
build='x86_64-unknown-linux-gnu'
build_alias=''
build_cpu='x86_64'
build_os='linux-gnu'
build_vendor='unknown'
datadir='${datarootdir}'
datarootdir='${prefix}/share'
docdir='${datarootdir}/doc/${PACKAGE_TARNAME}'
dvidir='${docdir}'
exec_prefix='${prefix}'
host='x86_64-unknown-linux-gnu'
host_alias=''
host_cpu='x86_64'
host_os='linux-gnu'
host_vendor='unknown'
htmldir='${docdir}'
includedir='${prefix}/include'
infodir='${datarootdir}/info'
install_sh='${SHELL} /home/perberos/Desktop/mate/mate-notes/install-sh'
libdir='${exec_prefix}/lib'
libexecdir='${exec_prefix}/libexec'
localedir='${datarootdir}/locale'
localstatedir='${prefix}/var'
mandir='${datarootdir}/man'
mkdir_p='/bin/mkdir -p'
oldincludedir='/usr/include'
pdfdir='${docdir}'
prefix='/usr'
program_transform_name='s,x,x,'
psdir='${docdir}'
sbindir='${exec_prefix}/sbin'
sharedstatedir='${prefix}/com'
shavedir='$(top_builddir)'
sysconfdir='${prefix}/etc'
target_alias=''

## ----------- ##
## confdefs.h. ##
## ----------- ##

/* confdefs.h */
#define PACKAGE_NAME "gnote"
#define PACKAGE_TARNAME "gnote"
#define PACKAGE_VERSION "0.7.4"
#define PACKAGE_STRING "gnote 0.7.4"
#define PACKAGE_BUGREPORT ""
#define PACKAGE_URL ""
#define PACKAGE "gnote"
#define VERSION "0.7.4"
#define STDC_HEADERS 1
#define HAVE_SYS_TYPES_H 1
#define HAVE_SYS_STAT_H 1
#define HAVE_STDLIB_H 1
#define HAVE_STRING_H 1
#define HAVE_MEMORY_H 1
#define HAVE_STRINGS_H 1
#define HAVE_INTTYPES_H 1
#define HAVE_STDINT_H 1
#define HAVE_UNISTD_H 1
#define __EXTENSIONS__ 1
#define _ALL_SOURCE 1
#define _GNU_SOURCE 1
#define _POSIX_PTHREAD_SEMANTICS 1
#define _TANDEM_SOURCE 1
#define HAVE_DLFCN_H 1
#define LT_OBJDIR ".libs/"
#define HAVE_CLASS_GTK__WIDGET_SIGNAL_POPUP_MENU 1
#define HAVE_LIBUUID 1
#define FIXED_GTKSPELL 1
#define HAVE_BOOST 1
#define HAVE_BOOST_BIND_HPP 1
#define HAVE_BOOST_CAST_HPP 1
#define HAVE_BOOST_LEXICAL_CAST_HPP 1
#define HAVE_BOOST_FORMAT_HPP 1
#define HAVE_BOOST_TEST_UNIT_TEST_HPP 1
#define GETTEXT_PACKAGE "gnote"
#define HAVE_LOCALE_H 1
#define HAVE_LC_MESSAGES 1
#define HAVE_BIND_TEXTDOMAIN_CODESET 1
#define HAVE_GETTEXT 1
#define HAVE_DCGETTEXT 1
#define ENABLE_NLS 1
#define GNOTE_BUILD_CONFIG " gcc-options=-Wall -Wextra -Wsign-compare -Wpointer-arith -Wchar-subscripts -Wwrite-strings -Wunused -Wpointer-arith -Wshadow -fshow-column "

configure: exit 0

## ---------------------- ##
## Running config.status. ##
## ---------------------- ##

This file was extended by gnote config.status 0.7.4, which was
generated by GNU Autoconf 2.68.  Invocation command line was

  CONFIG_FILES    = 
  CONFIG_HEADERS  = 
  CONFIG_LINKS    = 
  CONFIG_COMMANDS = 
  $ ./config.status config.h

on matsusoft.com.ar

config.status:1324: creating config.h
config.status:1505: config.h is unchanged
